c:\hooman\gbc\game3015\week 4\assignment1-solution1\assignment1-solution1\x64\debug\vc142.pdb
c:\hooman\gbc\game3015\week 4\assignment1-solution1\assignment1-solution1\x64\debug\vc142.idb
c:\hooman\gbc\game3015\week 4\assignment1-solution1\assignment1-solution1\x64\debug\world.obj
c:\hooman\gbc\game3015\week 4\assignment1-solution1\assignment1-solution1\x64\debug\spritenode.obj
c:\hooman\gbc\game3015\week 4\assignment1-solution1\assignment1-solution1\x64\debug\scenenode.obj
c:\hooman\gbc\game3015\week 4\assignment1-solution1\assignment1-solution1\x64\debug\main.obj
c:\hooman\gbc\game3015\week 4\assignment1-solution1\assignment1-solution1\x64\debug\game.obj
c:\hooman\gbc\game3015\week 4\assignment1-solution1\assignment1-solution1\x64\debug\frameresource.obj
c:\hooman\gbc\game3015\week 4\assignment1-solution1\assignment1-solution1\x64\debug\entity.obj
c:\hooman\gbc\game3015\week 4\assignment1-solution1\assignment1-solution1\x64\debug\aircraft.obj
c:\hooman\gbc\game3015\week 4\assignment1-solution1\assignment1-solution1\x64\debug\mathhelper.obj
c:\hooman\gbc\game3015\week 4\assignment1-solution1\assignment1-solution1\x64\debug\geometrygenerator.obj
c:\hooman\gbc\game3015\week 4\assignment1-solution1\assignment1-solution1\x64\debug\gametimer.obj
c:\hooman\gbc\game3015\week 4\assignment1-solution1\assignment1-solution1\x64\debug\ddstextureloader.obj
c:\hooman\gbc\game3015\week 4\assignment1-solution1\assignment1-solution1\x64\debug\d3dutil.obj
c:\hooman\gbc\game3015\week 4\assignment1-solution1\assignment1-solution1\x64\debug\d3dapp.obj
c:\hooman\gbc\game3015\week 4\assignment1-solution1\assignment1-solution1\x64\debug\camera.obj
c:\hooman\gbc\game3015\week 4\assignment1-solution1\x64\debug\assignment1-solution1.ilk
c:\hooman\gbc\game3015\week 4\assignment1-solution1\x64\debug\assignment1-solution1.exe
c:\hooman\gbc\game3015\week 4\assignment1-solution1\x64\debug\assignment1-solution1.pdb
c:\hooman\gbc\game3015\week 4\assignment1-solution1\assignment1-solution1\x64\debug\assignme.d84d2132.tlog\cl.command.1.tlog
c:\hooman\gbc\game3015\week 4\assignment1-solution1\assignment1-solution1\x64\debug\assignme.d84d2132.tlog\cl.read.1.tlog
c:\hooman\gbc\game3015\week 4\assignment1-solution1\assignment1-solution1\x64\debug\assignme.d84d2132.tlog\cl.write.1.tlog
c:\hooman\gbc\game3015\week 4\assignment1-solution1\assignment1-solution1\x64\debug\assignme.d84d2132.tlog\link.command.1.tlog
c:\hooman\gbc\game3015\week 4\assignment1-solution1\assignment1-solution1\x64\debug\assignme.d84d2132.tlog\link.read.1.tlog
c:\hooman\gbc\game3015\week 4\assignment1-solution1\assignment1-solution1\x64\debug\assignme.d84d2132.tlog\link.write.1.tlog
