c:\school\semester 9\game engine development 2\assignments\new engine\directx12engine\directx12engine\directx12engine\x64\debug\vc142.pdb
c:\school\semester 9\game engine development 2\assignments\new engine\directx12engine\directx12engine\directx12engine\x64\debug\vc142.idb
c:\school\semester 9\game engine development 2\assignments\new engine\directx12engine\directx12engine\directx12engine\x64\debug\player.obj
c:\school\semester 9\game engine development 2\assignments\new engine\directx12engine\directx12engine\directx12engine\x64\debug\pausestate.obj
c:\school\semester 9\game engine development 2\assignments\new engine\directx12engine\directx12engine\directx12engine\x64\debug\paralleltask.obj
c:\school\semester 9\game engine development 2\assignments\new engine\directx12engine\directx12engine\directx12engine\x64\debug\menustate.obj
c:\school\semester 9\game engine development 2\assignments\new engine\directx12engine\directx12engine\directx12engine\x64\debug\main.obj
c:\school\semester 9\game engine development 2\assignments\new engine\directx12engine\directx12engine\directx12engine\x64\debug\loadingstate.obj
c:\school\semester 9\game engine development 2\assignments\new engine\directx12engine\directx12engine\directx12engine\x64\debug\gamestate.obj
c:\school\semester 9\game engine development 2\assignments\new engine\directx12engine\directx12engine\directx12engine\x64\debug\game.obj
c:\school\semester 9\game engine development 2\assignments\new engine\directx12engine\directx12engine\directx12engine\x64\debug\frameresource.obj
c:\school\semester 9\game engine development 2\assignments\new engine\directx12engine\directx12engine\directx12engine\x64\debug\entity.obj
c:\school\semester 9\game engine development 2\assignments\new engine\directx12engine\directx12engine\directx12engine\x64\debug\commandqueue.obj
c:\school\semester 9\game engine development 2\assignments\new engine\directx12engine\directx12engine\directx12engine\x64\debug\command.obj
c:\school\semester 9\game engine development 2\assignments\new engine\directx12engine\directx12engine\directx12engine\x64\debug\aircraft.obj
c:\school\semester 9\game engine development 2\assignments\new engine\directx12engine\directx12engine\directx12engine\x64\debug\mathhelper.obj
c:\school\semester 9\game engine development 2\assignments\new engine\directx12engine\directx12engine\directx12engine\x64\debug\geometrygenerator.obj
c:\school\semester 9\game engine development 2\assignments\new engine\directx12engine\directx12engine\directx12engine\x64\debug\gametimer.obj
c:\school\semester 9\game engine development 2\assignments\new engine\directx12engine\directx12engine\directx12engine\x64\debug\ddstextureloader.obj
c:\school\semester 9\game engine development 2\assignments\new engine\directx12engine\directx12engine\directx12engine\x64\debug\d3dutil.obj
c:\school\semester 9\game engine development 2\assignments\new engine\directx12engine\directx12engine\directx12engine\x64\debug\d3dapp.obj
c:\school\semester 9\game engine development 2\assignments\new engine\directx12engine\directx12engine\directx12engine\x64\debug\camera.obj
c:\school\semester 9\game engine development 2\assignments\new engine\directx12engine\directx12engine\directx12engine\x64\debug\world.obj
c:\school\semester 9\game engine development 2\assignments\new engine\directx12engine\directx12engine\directx12engine\x64\debug\titlestate.obj
c:\school\semester 9\game engine development 2\assignments\new engine\directx12engine\directx12engine\directx12engine\x64\debug\statestack.obj
c:\school\semester 9\game engine development 2\assignments\new engine\directx12engine\directx12engine\directx12engine\x64\debug\state.obj
c:\school\semester 9\game engine development 2\assignments\new engine\directx12engine\directx12engine\directx12engine\x64\debug\spritenode.obj
c:\school\semester 9\game engine development 2\assignments\new engine\directx12engine\directx12engine\directx12engine\x64\debug\scenenode.obj
c:\school\semester 9\game engine development 2\assignments\new engine\directx12engine\directx12engine\x64\debug\directx12engine.exe
c:\school\semester 9\game engine development 2\assignments\new engine\directx12engine\directx12engine\directx12engine\x64\debug\directx12engine.ilk
c:\school\semester 9\game engine development 2\assignments\new engine\directx12engine\directx12engine\x64\debug\directx12engine.pdb
c:\school\semester 9\game engine development 2\assignments\new engine\directx12engine\directx12engine\directx12engine\x64\debug\directx12engine.res
c:\school\semester 9\game engine development 2\assignments\new engine\directx12engine\directx12engine\directx12engine\x64\debug\directx12engine.tlog\cl.command.1.tlog
c:\school\semester 9\game engine development 2\assignments\new engine\directx12engine\directx12engine\directx12engine\x64\debug\directx12engine.tlog\cl.read.1.tlog
c:\school\semester 9\game engine development 2\assignments\new engine\directx12engine\directx12engine\directx12engine\x64\debug\directx12engine.tlog\cl.write.1.tlog
c:\school\semester 9\game engine development 2\assignments\new engine\directx12engine\directx12engine\directx12engine\x64\debug\directx12engine.tlog\link.command.1.tlog
c:\school\semester 9\game engine development 2\assignments\new engine\directx12engine\directx12engine\directx12engine\x64\debug\directx12engine.tlog\link.read.1.tlog
c:\school\semester 9\game engine development 2\assignments\new engine\directx12engine\directx12engine\directx12engine\x64\debug\directx12engine.tlog\link.write.1.tlog
c:\school\semester 9\game engine development 2\assignments\new engine\directx12engine\directx12engine\directx12engine\x64\debug\directx12engine.tlog\rc.command.1.tlog
c:\school\semester 9\game engine development 2\assignments\new engine\directx12engine\directx12engine\directx12engine\x64\debug\directx12engine.tlog\rc.read.1.tlog
c:\school\semester 9\game engine development 2\assignments\new engine\directx12engine\directx12engine\directx12engine\x64\debug\directx12engine.tlog\rc.write.1.tlog
