C:\Program Files (x86)\Microsoft Visual Studio\2019\Community\MSBuild\Microsoft\VC\v160\Microsoft.CppBuild.targets(513,5): warning MSB8028: The intermediate directory (x64\Debug\) contains files shared from another project (Assignment1-Solution1.vcxproj).  This can lead to incorrect clean and rebuild behavior.
  Aircraft.cpp
C:\School\Semester 9\Game Engine Development 2\Assignments\New Engine\DirectX12Engine\GAME3015_FINAL_SmithLaurence\DirectX12Engine\DirectX12Engine\TitleState.hpp(19,35): error C2535: 'void TitleState::LoadScene(void)': member function already defined or declared
C:\School\Semester 9\Game Engine Development 2\Assignments\New Engine\DirectX12Engine\GAME3015_FINAL_SmithLaurence\DirectX12Engine\DirectX12Engine\TitleState.hpp(18): message : see declaration of 'TitleState::LoadScene'
C:\School\Semester 9\Game Engine Development 2\Assignments\New Engine\DirectX12Engine\GAME3015_FINAL_SmithLaurence\DirectX12Engine\DirectX12Engine\MenuState.hpp(21,35): error C2535: 'void MenuState::LoadScene(void)': member function already defined or declared
C:\School\Semester 9\Game Engine Development 2\Assignments\New Engine\DirectX12Engine\GAME3015_FINAL_SmithLaurence\DirectX12Engine\DirectX12Engine\MenuState.hpp(18): message : see declaration of 'MenuState::LoadScene'
C:\School\Semester 9\Game Engine Development 2\Assignments\New Engine\DirectX12Engine\GAME3015_FINAL_SmithLaurence\DirectX12Engine\DirectX12Engine\StateStack.hpp(65,18): error C3254: 'MenuState': class contains explicit override 'registerState' but does not derive from an interface that contains the function declaration
C:\School\Semester 9\Game Engine Development 2\Assignments\New Engine\DirectX12Engine\GAME3015_FINAL_SmithLaurence\DirectX12Engine\DirectX12Engine\StateStack.hpp(65,18): error C2838: 'registerState': illegal qualified name in member declaration
C:\School\Semester 9\Game Engine Development 2\Assignments\New Engine\DirectX12Engine\GAME3015_FINAL_SmithLaurence\DirectX12Engine\DirectX12Engine\Aircraft.cpp(5,11): error C3254: 'MenuState': class contains explicit override '{ctor}' but does not derive from an interface that contains the function declaration
C:\School\Semester 9\Game Engine Development 2\Assignments\New Engine\DirectX12Engine\GAME3015_FINAL_SmithLaurence\DirectX12Engine\DirectX12Engine\Aircraft.cpp(5,11): error C2838: '{ctor}': illegal qualified name in member declaration
C:\School\Semester 9\Game Engine Development 2\Assignments\New Engine\DirectX12Engine\GAME3015_FINAL_SmithLaurence\DirectX12Engine\DirectX12Engine\Aircraft.cpp(22,24): error C3254: 'MenuState': class contains explicit override 'getCategory' but does not derive from an interface that contains the function declaration
C:\School\Semester 9\Game Engine Development 2\Assignments\New Engine\DirectX12Engine\GAME3015_FINAL_SmithLaurence\DirectX12Engine\DirectX12Engine\Aircraft.cpp(22,24): error C2838: 'getCategory': illegal qualified name in member declaration
C:\School\Semester 9\Game Engine Development 2\Assignments\New Engine\DirectX12Engine\GAME3015_FINAL_SmithLaurence\DirectX12Engine\DirectX12Engine\Aircraft.cpp(34,16): error C3254: 'MenuState': class contains explicit override 'drawCurrent' but does not derive from an interface that contains the function declaration
C:\School\Semester 9\Game Engine Development 2\Assignments\New Engine\DirectX12Engine\GAME3015_FINAL_SmithLaurence\DirectX12Engine\DirectX12Engine\Aircraft.cpp(34,16): error C2838: 'drawCurrent': illegal qualified name in member declaration
C:\School\Semester 9\Game Engine Development 2\Assignments\New Engine\DirectX12Engine\GAME3015_FINAL_SmithLaurence\DirectX12Engine\DirectX12Engine\Aircraft.cpp(64,16): error C3254: 'MenuState': class contains explicit override 'buildCurrent' but does not derive from an interface that contains the function declaration
C:\School\Semester 9\Game Engine Development 2\Assignments\New Engine\DirectX12Engine\GAME3015_FINAL_SmithLaurence\DirectX12Engine\DirectX12Engine\Aircraft.cpp(64,16): error C2838: 'buildCurrent': illegal qualified name in member declaration
C:\School\Semester 9\Game Engine Development 2\Assignments\New Engine\DirectX12Engine\GAME3015_FINAL_SmithLaurence\DirectX12Engine\DirectX12Engine\MenuState.hpp(9): fatal error C1075: '{': no matching token found
  Game.cpp
C:\School\Semester 9\Game Engine Development 2\Assignments\New Engine\DirectX12Engine\GAME3015_FINAL_SmithLaurence\DirectX12Engine\DirectX12Engine\TitleState.hpp(19,35): error C2535: 'void TitleState::LoadScene(void)': member function already defined or declared
C:\School\Semester 9\Game Engine Development 2\Assignments\New Engine\DirectX12Engine\GAME3015_FINAL_SmithLaurence\DirectX12Engine\DirectX12Engine\TitleState.hpp(18): message : see declaration of 'TitleState::LoadScene'
C:\School\Semester 9\Game Engine Development 2\Assignments\New Engine\DirectX12Engine\GAME3015_FINAL_SmithLaurence\DirectX12Engine\DirectX12Engine\MenuState.hpp(21,35): error C2535: 'void MenuState::LoadScene(void)': member function already defined or declared
C:\School\Semester 9\Game Engine Development 2\Assignments\New Engine\DirectX12Engine\GAME3015_FINAL_SmithLaurence\DirectX12Engine\DirectX12Engine\MenuState.hpp(18): message : see declaration of 'MenuState::LoadScene'
C:\School\Semester 9\Game Engine Development 2\Assignments\New Engine\DirectX12Engine\GAME3015_FINAL_SmithLaurence\DirectX12Engine\DirectX12Engine\StateStack.hpp(65,18): error C3254: 'MenuState': class contains explicit override 'registerState' but does not derive from an interface that contains the function declaration
C:\School\Semester 9\Game Engine Development 2\Assignments\New Engine\DirectX12Engine\GAME3015_FINAL_SmithLaurence\DirectX12Engine\DirectX12Engine\StateStack.hpp(65,18): error C2838: 'registerState': illegal qualified name in member declaration
C:\School\Semester 9\Game Engine Development 2\Assignments\New Engine\DirectX12Engine\GAME3015_FINAL_SmithLaurence\DirectX12Engine\DirectX12Engine\Game.cpp(5,7): error C3254: 'MenuState': class contains explicit override '{ctor}' but does not derive from an interface that contains the function declaration
C:\School\Semester 9\Game Engine Development 2\Assignments\New Engine\DirectX12Engine\GAME3015_FINAL_SmithLaurence\DirectX12Engine\DirectX12Engine\Game.cpp(5,7): error C2838: '{ctor}': illegal qualified name in member declaration
C:\School\Semester 9\Game Engine Development 2\Assignments\New Engine\DirectX12Engine\GAME3015_FINAL_SmithLaurence\DirectX12Engine\DirectX12Engine\Game.cpp(12,8): error C3254: 'MenuState': class contains explicit override '{dtor}' but does not derive from an interface that contains the function declaration
C:\School\Semester 9\Game Engine Development 2\Assignments\New Engine\DirectX12Engine\GAME3015_FINAL_SmithLaurence\DirectX12Engine\DirectX12Engine\Game.cpp(12,8): error C2838: '{dtor}': illegal qualified name in member declaration
C:\School\Semester 9\Game Engine Development 2\Assignments\New Engine\DirectX12Engine\GAME3015_FINAL_SmithLaurence\DirectX12Engine\DirectX12Engine\Game.cpp(12,8): error C2535: 'MenuState::~MenuState(void)': member function already defined or declared
C:\School\Semester 9\Game Engine Development 2\Assignments\New Engine\DirectX12Engine\GAME3015_FINAL_SmithLaurence\DirectX12Engine\DirectX12Engine\MenuState.hpp(12): message : see declaration of 'MenuState::~MenuState'
C:\School\Semester 9\Game Engine Development 2\Assignments\New Engine\DirectX12Engine\GAME3015_FINAL_SmithLaurence\DirectX12Engine\DirectX12Engine\Game.cpp(18,12): error C3254: 'MenuState': class contains explicit override 'Initialize' but does not derive from an interface that contains the function declaration
C:\School\Semester 9\Game Engine Development 2\Assignments\New Engine\DirectX12Engine\GAME3015_FINAL_SmithLaurence\DirectX12Engine\DirectX12Engine\Game.cpp(18,12): error C2838: 'Initialize': illegal qualified name in member declaration
C:\School\Semester 9\Game Engine Development 2\Assignments\New Engine\DirectX12Engine\GAME3015_FINAL_SmithLaurence\DirectX12Engine\DirectX12Engine\Game.cpp(59,12): error C3254: 'MenuState': class contains explicit override 'OnResize' but does not derive from an interface that contains the function declaration
C:\School\Semester 9\Game Engine Development 2\Assignments\New Engine\DirectX12Engine\GAME3015_FINAL_SmithLaurence\DirectX12Engine\DirectX12Engine\Game.cpp(59,12): error C2838: 'OnResize': illegal qualified name in member declaration
C:\School\Semester 9\Game Engine Development 2\Assignments\New Engine\DirectX12Engine\GAME3015_FINAL_SmithLaurence\DirectX12Engine\DirectX12Engine\Game.cpp(70,12): error C3254: 'MenuState': class contains explicit override 'Update' but does not derive from an interface that contains the function declaration
C:\School\Semester 9\Game Engine Development 2\Assignments\New Engine\DirectX12Engine\GAME3015_FINAL_SmithLaurence\DirectX12Engine\DirectX12Engine\Game.cpp(70,12): error C2838: 'Update': illegal qualified name in member declaration
C:\School\Semester 9\Game Engine Development 2\Assignments\New Engine\DirectX12Engine\GAME3015_FINAL_SmithLaurence\DirectX12Engine\DirectX12Engine\Game.cpp(104,12): error C3254: 'MenuState': class contains explicit override 'Draw' but does not derive from an interface that contains the function declaration
C:\School\Semester 9\Game Engine Development 2\Assignments\New Engine\DirectX12Engine\GAME3015_FINAL_SmithLaurence\DirectX12Engine\DirectX12Engine\Game.cpp(104,12): error C2838: 'Draw': illegal qualified name in member declaration
C:\School\Semester 9\Game Engine Development 2\Assignments\New Engine\DirectX12Engine\GAME3015_FINAL_SmithLaurence\DirectX12Engine\DirectX12Engine\Game.cpp(166,12): error C3254: 'MenuState': class contains explicit override 'OnMouseDown' but does not derive from an interface that contains the function declaration
C:\School\Semester 9\Game Engine Development 2\Assignments\New Engine\DirectX12Engine\GAME3015_FINAL_SmithLaurence\DirectX12Engine\DirectX12Engine\Game.cpp(166,12): error C2838: 'OnMouseDown': illegal qualified name in member declaration
C:\School\Semester 9\Game Engine Development 2\Assignments\New Engine\DirectX12Engine\GAME3015_FINAL_SmithLaurence\DirectX12Engine\DirectX12Engine\Game.cpp(174,12): error C3254: 'MenuState': class contains explicit override 'OnMouseUp' but does not derive from an interface that contains the function declaration
C:\School\Semester 9\Game Engine Development 2\Assignments\New Engine\DirectX12Engine\GAME3015_FINAL_SmithLaurence\DirectX12Engine\DirectX12Engine\Game.cpp(174,12): error C2838: 'OnMouseUp': illegal qualified name in member declaration
C:\School\Semester 9\Game Engine Development 2\Assignments\New Engine\DirectX12Engine\GAME3015_FINAL_SmithLaurence\DirectX12Engine\DirectX12Engine\Game.cpp(179,12): error C3254: 'MenuState': class contains explicit override 'OnMouseMove' but does not derive from an interface that contains the function declaration
C:\School\Semester 9\Game Engine Development 2\Assignments\New Engine\DirectX12Engine\GAME3015_FINAL_SmithLaurence\DirectX12Engine\DirectX12Engine\Game.cpp(179,12): error C2838: 'OnMouseMove': illegal qualified name in member declaration
C:\School\Semester 9\Game Engine Development 2\Assignments\New Engine\DirectX12Engine\GAME3015_FINAL_SmithLaurence\DirectX12Engine\DirectX12Engine\Game.cpp(216,12): error C3254: 'MenuState': class contains explicit override 'OnKeyboardInput' but does not derive from an interface that contains the function declaration
C:\School\Semester 9\Game Engine Development 2\Assignments\New Engine\DirectX12Engine\GAME3015_FINAL_SmithLaurence\DirectX12Engine\DirectX12Engine\Game.cpp(216,12): error C2838: 'OnKeyboardInput': illegal qualified name in member declaration
C:\School\Semester 9\Game Engine Development 2\Assignments\New Engine\DirectX12Engine\GAME3015_FINAL_SmithLaurence\DirectX12Engine\DirectX12Engine\Game.cpp(270,12): error C3254: 'MenuState': class contains explicit override 'UpdateCamera' but does not derive from an interface that contains the function declaration
C:\School\Semester 9\Game Engine Development 2\Assignments\New Engine\DirectX12Engine\GAME3015_FINAL_SmithLaurence\DirectX12Engine\DirectX12Engine\Game.cpp(270,12): error C2838: 'UpdateCamera': illegal qualified name in member declaration
C:\School\Semester 9\Game Engine Development 2\Assignments\New Engine\DirectX12Engine\GAME3015_FINAL_SmithLaurence\DirectX12Engine\DirectX12Engine\Game.cpp(293,12): error C3254: 'MenuState': class contains explicit override 'UpdateObjectCBs' but does not derive from an interface that contains the function declaration
C:\School\Semester 9\Game Engine Development 2\Assignments\New Engine\DirectX12Engine\GAME3015_FINAL_SmithLaurence\DirectX12Engine\DirectX12Engine\Game.cpp(293,12): error C2838: 'UpdateObjectCBs': illegal qualified name in member declaration
C:\School\Semester 9\Game Engine Development 2\Assignments\New Engine\DirectX12Engine\GAME3015_FINAL_SmithLaurence\DirectX12Engine\DirectX12Engine\Game.cpp(317,12): error C3254: 'MenuState': class contains explicit override 'UpdateMaterialCBs' but does not derive from an interface that contains the function declaration
C:\School\Semester 9\Game Engine Development 2\Assignments\New Engine\DirectX12Engine\GAME3015_FINAL_SmithLaurence\DirectX12Engine\DirectX12Engine\Game.cpp(317,12): error C2838: 'UpdateMaterialCBs': illegal qualified name in member declaration
C:\School\Semester 9\Game Engine Development 2\Assignments\New Engine\DirectX12Engine\GAME3015_FINAL_SmithLaurence\DirectX12Engine\DirectX12Engine\Game.cpp(343,12): error C3254: 'MenuState': class contains explicit override 'UpdateMainPassCB' but does not derive from an interface that contains the function declaration
C:\School\Semester 9\Game Engine Development 2\Assignments\New Engine\DirectX12Engine\GAME3015_FINAL_SmithLaurence\DirectX12Engine\DirectX12Engine\Game.cpp(343,12): error C2838: 'UpdateMainPassCB': illegal qualified name in member declaration
C:\School\Semester 9\Game Engine Development 2\Assignments\New Engine\DirectX12Engine\GAME3015_FINAL_SmithLaurence\DirectX12Engine\DirectX12Engine\Game.cpp(378,12): error C3254: 'MenuState': class contains explicit override 'LoadTextures' but does not derive from an interface that contains the function declaration
C:\School\Semester 9\Game Engine Development 2\Assignments\New Engine\DirectX12Engine\GAME3015_FINAL_SmithLaurence\DirectX12Engine\DirectX12Engine\Game.cpp(378,12): error C2838: 'LoadTextures': illegal qualified name in member declaration
C:\School\Semester 9\Game Engine Development 2\Assignments\New Engine\DirectX12Engine\GAME3015_FINAL_SmithLaurence\DirectX12Engine\DirectX12Engine\Game.cpp(483,12): error C3254: 'MenuState': class contains explicit override 'BuildRootSignature' but does not derive from an interface that contains the function declaration
C:\School\Semester 9\Game Engine Development 2\Assignments\New Engine\DirectX12Engine\GAME3015_FINAL_SmithLaurence\DirectX12Engine\DirectX12Engine\Game.cpp(483,12): error C2838: 'BuildRootSignature': illegal qualified name in member declaration
C:\School\Semester 9\Game Engine Development 2\Assignments\New Engine\DirectX12Engine\GAME3015_FINAL_SmithLaurence\DirectX12Engine\DirectX12Engine\Game.cpp(527,12): error C3254: 'MenuState': class contains explicit override 'BuildDescriptorHeaps' but does not derive from an interface that contains the function declaration
C:\School\Semester 9\Game Engine Development 2\Assignments\New Engine\DirectX12Engine\GAME3015_FINAL_SmithLaurence\DirectX12Engine\DirectX12Engine\Game.cpp(527,12): error C2838: 'BuildDescriptorHeaps': illegal qualified name in member declaration
C:\School\Semester 9\Game Engine Development 2\Assignments\New Engine\DirectX12Engine\GAME3015_FINAL_SmithLaurence\DirectX12Engine\DirectX12Engine\Game.cpp(621,12): error C3254: 'MenuState': class contains explicit override 'BuildShadersAndInputLayout' but does not derive from an interface that contains the function declaration
C:\School\Semester 9\Game Engine Development 2\Assignments\New Engine\DirectX12Engine\GAME3015_FINAL_SmithLaurence\DirectX12Engine\DirectX12Engine\Game.cpp(621,12): error C2838: 'BuildShadersAndInputLayout': illegal qualified name in member declaration
C:\School\Semester 9\Game Engine Development 2\Assignments\New Engine\DirectX12Engine\GAME3015_FINAL_SmithLaurence\DirectX12Engine\DirectX12Engine\Game.cpp(636,12): error C3254: 'MenuState': class contains explicit override 'BuildShapeGeometry' but does not derive from an interface that contains the function declaration
C:\School\Semester 9\Game Engine Development 2\Assignments\New Engine\DirectX12Engine\GAME3015_FINAL_SmithLaurence\DirectX12Engine\DirectX12Engine\Game.cpp(636,12): error C2838: 'BuildShapeGeometry': illegal qualified name in member declaration
C:\School\Semester 9\Game Engine Development 2\Assignments\New Engine\DirectX12Engine\GAME3015_FINAL_SmithLaurence\DirectX12Engine\DirectX12Engine\Game.cpp(686,12): error C3254: 'MenuState': class contains explicit override 'BuildPSOs' but does not derive from an interface that contains the function declaration
C:\School\Semester 9\Game Engine Development 2\Assignments\New Engine\DirectX12Engine\GAME3015_FINAL_SmithLaurence\DirectX12Engine\DirectX12Engine\Game.cpp(686,12): error C2838: 'BuildPSOs': illegal qualified name in member declaration
C:\School\Semester 9\Game Engine Development 2\Assignments\New Engine\DirectX12Engine\GAME3015_FINAL_SmithLaurence\DirectX12Engine\DirectX12Engine\Game.cpp(719,12): error C3254: 'MenuState': class contains explicit override 'BuildFrameResources' but does not derive from an interface that contains the function declaration
C:\School\Semester 9\Game Engine Development 2\Assignments\New Engine\DirectX12Engine\GAME3015_FINAL_SmithLaurence\DirectX12Engine\DirectX12Engine\Game.cpp(719,12): error C2838: 'BuildFrameResources': illegal qualified name in member declaration
C:\School\Semester 9\Game Engine Development 2\Assignments\New Engine\DirectX12Engine\GAME3015_FINAL_SmithLaurence\DirectX12Engine\DirectX12Engine\Game.cpp(728,12): error C3254: 'MenuState': class contains explicit override 'BuildMaterials' but does not derive from an interface that contains the function declaration
C:\School\Semester 9\Game Engine Development 2\Assignments\New Engine\DirectX12Engine\GAME3015_FINAL_SmithLaurence\DirectX12Engine\DirectX12Engine\Game.cpp(728,12): error C2838: 'BuildMaterials': illegal qualified name in member declaration
C:\School\Semester 9\Game Engine Development 2\Assignments\New Engine\DirectX12Engine\GAME3015_FINAL_SmithLaurence\DirectX12Engine\DirectX12Engine\Game.cpp(822,12): error C3254: 'MenuState': class contains explicit override 'BuildRenderItems' but does not derive from an interface that contains the function declaration
C:\School\Semester 9\Game Engine Development 2\Assignments\New Engine\DirectX12Engine\GAME3015_FINAL_SmithLaurence\DirectX12Engine\DirectX12Engine\Game.cpp(822,12): error C2838: 'BuildRenderItems': illegal qualified name in member declaration
C:\School\Semester 9\Game Engine Development 2\Assignments\New Engine\DirectX12Engine\GAME3015_FINAL_SmithLaurence\DirectX12Engine\DirectX12Engine\Game.cpp(831,12): error C3254: 'MenuState': class contains explicit override 'DrawRenderItems' but does not derive from an interface that contains the function declaration
C:\School\Semester 9\Game Engine Development 2\Assignments\New Engine\DirectX12Engine\GAME3015_FINAL_SmithLaurence\DirectX12Engine\DirectX12Engine\Game.cpp(831,12): error C2838: 'DrawRenderItems': illegal qualified name in member declaration
C:\School\Semester 9\Game Engine Development 2\Assignments\New Engine\DirectX12Engine\GAME3015_FINAL_SmithLaurence\DirectX12Engine\DirectX12Engine\Game.cpp(865,56): error C3254: 'MenuState': class contains explicit override 'GetStaticSamplers' but does not derive from an interface that contains the function declaration
C:\School\Semester 9\Game Engine Development 2\Assignments\New Engine\DirectX12Engine\GAME3015_FINAL_SmithLaurence\DirectX12Engine\DirectX12Engine\Game.cpp(865,56): error C2838: 'GetStaticSamplers': illegal qualified name in member declaration
C:\School\Semester 9\Game Engine Development 2\Assignments\New Engine\DirectX12Engine\GAME3015_FINAL_SmithLaurence\DirectX12Engine\DirectX12Engine\Game.cpp(922,12): error C3254: 'MenuState': class contains explicit override 'registerStates' but does not derive from an interface that contains the function declaration
C:\School\Semester 9\Game Engine Development 2\Assignments\New Engine\DirectX12Engine\GAME3015_FINAL_SmithLaurence\DirectX12Engine\DirectX12Engine\Game.cpp(922,12): error C2838: 'registerStates': illegal qualified name in member declaration
C:\School\Semester 9\Game Engine Development 2\Assignments\New Engine\DirectX12Engine\GAME3015_FINAL_SmithLaurence\DirectX12Engine\DirectX12Engine\MenuState.hpp(9): fatal error C1075: '{': no matching token found
  GameState.cpp
C:\School\Semester 9\Game Engine Development 2\Assignments\New Engine\DirectX12Engine\GAME3015_FINAL_SmithLaurence\DirectX12Engine\DirectX12Engine\TitleState.hpp(19,35): error C2535: 'void TitleState::LoadScene(void)': member function already defined or declared
C:\School\Semester 9\Game Engine Development 2\Assignments\New Engine\DirectX12Engine\GAME3015_FINAL_SmithLaurence\DirectX12Engine\DirectX12Engine\TitleState.hpp(18): message : see declaration of 'TitleState::LoadScene'
C:\School\Semester 9\Game Engine Development 2\Assignments\New Engine\DirectX12Engine\GAME3015_FINAL_SmithLaurence\DirectX12Engine\DirectX12Engine\MenuState.hpp(21,35): error C2535: 'void MenuState::LoadScene(void)': member function already defined or declared
C:\School\Semester 9\Game Engine Development 2\Assignments\New Engine\DirectX12Engine\GAME3015_FINAL_SmithLaurence\DirectX12Engine\DirectX12Engine\MenuState.hpp(18): message : see declaration of 'MenuState::LoadScene'
C:\School\Semester 9\Game Engine Development 2\Assignments\New Engine\DirectX12Engine\GAME3015_FINAL_SmithLaurence\DirectX12Engine\DirectX12Engine\StateStack.hpp(65,18): error C3254: 'MenuState': class contains explicit override 'registerState' but does not derive from an interface that contains the function declaration
C:\School\Semester 9\Game Engine Development 2\Assignments\New Engine\DirectX12Engine\GAME3015_FINAL_SmithLaurence\DirectX12Engine\DirectX12Engine\StateStack.hpp(65,18): error C2838: 'registerState': illegal qualified name in member declaration
C:\School\Semester 9\Game Engine Development 2\Assignments\New Engine\DirectX12Engine\GAME3015_FINAL_SmithLaurence\DirectX12Engine\DirectX12Engine\GameState.cpp(4,12): error C3254: 'MenuState': class contains explicit override '{ctor}' but does not derive from an interface that contains the function declaration
C:\School\Semester 9\Game Engine Development 2\Assignments\New Engine\DirectX12Engine\GAME3015_FINAL_SmithLaurence\DirectX12Engine\DirectX12Engine\GameState.cpp(4,12): error C2838: '{ctor}': illegal qualified name in member declaration
C:\School\Semester 9\Game Engine Development 2\Assignments\New Engine\DirectX12Engine\GAME3015_FINAL_SmithLaurence\DirectX12Engine\DirectX12Engine\GameState.cpp(12,17): error C3254: 'MenuState': class contains explicit override 'draw' but does not derive from an interface that contains the function declaration
C:\School\Semester 9\Game Engine Development 2\Assignments\New Engine\DirectX12Engine\GAME3015_FINAL_SmithLaurence\DirectX12Engine\DirectX12Engine\GameState.cpp(12,17): error C2838: 'draw': illegal qualified name in member declaration
C:\School\Semester 9\Game Engine Development 2\Assignments\New Engine\DirectX12Engine\GAME3015_FINAL_SmithLaurence\DirectX12Engine\DirectX12Engine\GameState.cpp(12,17): error C2535: 'void MenuState::draw(void)': member function already defined or declared
C:\School\Semester 9\Game Engine Development 2\Assignments\New Engine\DirectX12Engine\GAME3015_FINAL_SmithLaurence\DirectX12Engine\DirectX12Engine\MenuState.hpp(14): message : see declaration of 'MenuState::draw'
C:\School\Semester 9\Game Engine Development 2\Assignments\New Engine\DirectX12Engine\GAME3015_FINAL_SmithLaurence\DirectX12Engine\DirectX12Engine\GameState.cpp(17,17): error C3254: 'MenuState': class contains explicit override 'ProcessInput' but does not derive from an interface that contains the function declaration
C:\School\Semester 9\Game Engine Development 2\Assignments\New Engine\DirectX12Engine\GAME3015_FINAL_SmithLaurence\DirectX12Engine\DirectX12Engine\GameState.cpp(17,17): error C2838: 'ProcessInput': illegal qualified name in member declaration
C:\School\Semester 9\Game Engine Development 2\Assignments\New Engine\DirectX12Engine\GAME3015_FINAL_SmithLaurence\DirectX12Engine\DirectX12Engine\GameState.cpp(24,17): error C3254: 'MenuState': class contains explicit override 'update' but does not derive from an interface that contains the function declaration
C:\School\Semester 9\Game Engine Development 2\Assignments\New Engine\DirectX12Engine\GAME3015_FINAL_SmithLaurence\DirectX12Engine\DirectX12Engine\GameState.cpp(24,17): error C2838: 'update': illegal qualified name in member declaration
C:\School\Semester 9\Game Engine Development 2\Assignments\New Engine\DirectX12Engine\GAME3015_FINAL_SmithLaurence\DirectX12Engine\DirectX12Engine\GameState.cpp(24,17): error C2535: 'bool MenuState::update(const GameTimer &)': member function already defined or declared
C:\School\Semester 9\Game Engine Development 2\Assignments\New Engine\DirectX12Engine\GAME3015_FINAL_SmithLaurence\DirectX12Engine\DirectX12Engine\MenuState.hpp(15): message : see declaration of 'MenuState::update'
C:\School\Semester 9\Game Engine Development 2\Assignments\New Engine\DirectX12Engine\GAME3015_FINAL_SmithLaurence\DirectX12Engine\DirectX12Engine\GameState.cpp(33,17): error C3254: 'MenuState': class contains explicit override 'handleEvent' but does not derive from an interface that contains the function declaration
C:\School\Semester 9\Game Engine Development 2\Assignments\New Engine\DirectX12Engine\GAME3015_FINAL_SmithLaurence\DirectX12Engine\DirectX12Engine\GameState.cpp(33,17): error C2838: 'handleEvent': illegal qualified name in member declaration
C:\School\Semester 9\Game Engine Development 2\Assignments\New Engine\DirectX12Engine\GAME3015_FINAL_SmithLaurence\DirectX12Engine\DirectX12Engine\GameState.cpp(33,17): error C2535: 'bool MenuState::handleEvent(WPARAM)': member function already defined or declared
C:\School\Semester 9\Game Engine Development 2\Assignments\New Engine\DirectX12Engine\GAME3015_FINAL_SmithLaurence\DirectX12Engine\DirectX12Engine\MenuState.hpp(16): message : see declaration of 'MenuState::handleEvent'
C:\School\Semester 9\Game Engine Development 2\Assignments\New Engine\DirectX12Engine\GAME3015_FINAL_SmithLaurence\DirectX12Engine\DirectX12Engine\GameState.cpp(45,18): error C3254: 'MenuState': class contains explicit override 'handleRealTimeInput' but does not derive from an interface that contains the function declaration
C:\School\Semester 9\Game Engine Development 2\Assignments\New Engine\DirectX12Engine\GAME3015_FINAL_SmithLaurence\DirectX12Engine\DirectX12Engine\GameState.cpp(45,18): error C2838: 'handleRealTimeInput': illegal qualified name in member declaration
C:\School\Semester 9\Game Engine Development 2\Assignments\New Engine\DirectX12Engine\GAME3015_FINAL_SmithLaurence\DirectX12Engine\DirectX12Engine\GameState.cpp(45,18): error C2535: 'bool MenuState::handleRealTimeInput(void)': member function already defined or declared
C:\School\Semester 9\Game Engine Development 2\Assignments\New Engine\DirectX12Engine\GAME3015_FINAL_SmithLaurence\DirectX12Engine\DirectX12Engine\MenuState.hpp(17): message : see declaration of 'MenuState::handleRealTimeInput'
C:\School\Semester 9\Game Engine Development 2\Assignments\New Engine\DirectX12Engine\GAME3015_FINAL_SmithLaurence\DirectX12Engine\DirectX12Engine\GameState.cpp(50,17): error C3254: 'MenuState': class contains explicit override 'LoadScene' but does not derive from an interface that contains the function declaration
C:\School\Semester 9\Game Engine Development 2\Assignments\New Engine\DirectX12Engine\GAME3015_FINAL_SmithLaurence\DirectX12Engine\DirectX12Engine\GameState.cpp(50,17): error C2838: 'LoadScene': illegal qualified name in member declaration
C:\School\Semester 9\Game Engine Development 2\Assignments\New Engine\DirectX12Engine\GAME3015_FINAL_SmithLaurence\DirectX12Engine\DirectX12Engine\GameState.cpp(50,17): error C2535: 'void MenuState::LoadScene(void)': member function already defined or declared
C:\School\Semester 9\Game Engine Development 2\Assignments\New Engine\DirectX12Engine\GAME3015_FINAL_SmithLaurence\DirectX12Engine\DirectX12Engine\MenuState.hpp(18): message : see declaration of 'MenuState::LoadScene'
C:\School\Semester 9\Game Engine Development 2\Assignments\New Engine\DirectX12Engine\GAME3015_FINAL_SmithLaurence\DirectX12Engine\DirectX12Engine\MenuState.hpp(9): fatal error C1075: '{': no matching token found
  main.cpp
C:\School\Semester 9\Game Engine Development 2\Assignments\New Engine\DirectX12Engine\GAME3015_FINAL_SmithLaurence\DirectX12Engine\DirectX12Engine\TitleState.hpp(19,35): error C2535: 'void TitleState::LoadScene(void)': member function already defined or declared
C:\School\Semester 9\Game Engine Development 2\Assignments\New Engine\DirectX12Engine\GAME3015_FINAL_SmithLaurence\DirectX12Engine\DirectX12Engine\TitleState.hpp(18): message : see declaration of 'TitleState::LoadScene'
C:\School\Semester 9\Game Engine Development 2\Assignments\New Engine\DirectX12Engine\GAME3015_FINAL_SmithLaurence\DirectX12Engine\DirectX12Engine\MenuState.hpp(21,35): error C2535: 'void MenuState::LoadScene(void)': member function already defined or declared
C:\School\Semester 9\Game Engine Development 2\Assignments\New Engine\DirectX12Engine\GAME3015_FINAL_SmithLaurence\DirectX12Engine\DirectX12Engine\MenuState.hpp(18): message : see declaration of 'MenuState::LoadScene'
C:\School\Semester 9\Game Engine Development 2\Assignments\New Engine\DirectX12Engine\GAME3015_FINAL_SmithLaurence\DirectX12Engine\DirectX12Engine\StateStack.hpp(65,18): error C3254: 'MenuState': class contains explicit override 'registerState' but does not derive from an interface that contains the function declaration
C:\School\Semester 9\Game Engine Development 2\Assignments\New Engine\DirectX12Engine\GAME3015_FINAL_SmithLaurence\DirectX12Engine\DirectX12Engine\StateStack.hpp(65,18): error C2838: 'registerState': illegal qualified name in member declaration
C:\School\Semester 9\Game Engine Development 2\Assignments\New Engine\DirectX12Engine\GAME3015_FINAL_SmithLaurence\DirectX12Engine\DirectX12Engine\MenuState.hpp(9): fatal error C1075: '{': no matching token found
  MenuState.cpp
C:\School\Semester 9\Game Engine Development 2\Assignments\New Engine\DirectX12Engine\GAME3015_FINAL_SmithLaurence\DirectX12Engine\DirectX12Engine\MenuState.hpp(21,35): error C2535: 'void MenuState::LoadScene(void)': member function already defined or declared
C:\School\Semester 9\Game Engine Development 2\Assignments\New Engine\DirectX12Engine\GAME3015_FINAL_SmithLaurence\DirectX12Engine\DirectX12Engine\MenuState.hpp(18): message : see declaration of 'MenuState::LoadScene'
C:\School\Semester 9\Game Engine Development 2\Assignments\New Engine\DirectX12Engine\GAME3015_FINAL_SmithLaurence\DirectX12Engine\DirectX12Engine\Category.hpp(3,1): error C2059: syntax error: 'namespace'
C:\School\Semester 9\Game Engine Development 2\Assignments\New Engine\DirectX12Engine\GAME3015_FINAL_SmithLaurence\DirectX12Engine\DirectX12Engine\Category.hpp(4,1): error C2334: unexpected token(s) preceding '{'; skipping apparent function body
C:\Program Files (x86)\Microsoft Visual Studio\2019\Community\VC\Tools\MSVC\14.29.30133\include\functional(31,1): error C2059: syntax error: 'namespace'
C:\Program Files (x86)\Microsoft Visual Studio\2019\Community\VC\Tools\MSVC\14.29.30133\include\functional(31,1): error C2334: unexpected token(s) preceding '{'; skipping apparent function body
C:\Program Files (x86)\Windows Kits\10\Include\10.0.18362.0\ucrt\assert.h(14,1): error C2059: syntax error: 'string'
C:\Program Files (x86)\Windows Kits\10\Include\10.0.18362.0\ucrt\assert.h(14,1): error C2334: unexpected token(s) preceding '{'; skipping apparent function body
C:\School\Semester 9\Game Engine Development 2\Assignments\New Engine\DirectX12Engine\GAME3015_FINAL_SmithLaurence\DirectX12Engine\DirectX12Engine\Command.hpp(19,7): error C2039: 'function': is not a member of 'std'
C:\Program Files (x86)\Microsoft Visual Studio\2019\Community\VC\Tools\MSVC\14.29.30133\include\sstream(20): message : see declaration of 'std'
C:\School\Semester 9\Game Engine Development 2\Assignments\New Engine\DirectX12Engine\GAME3015_FINAL_SmithLaurence\DirectX12Engine\DirectX12Engine\Command.hpp(19,15): error C2143: syntax error: missing ';' before '<'
C:\School\Semester 9\Game Engine Development 2\Assignments\New Engine\DirectX12Engine\GAME3015_FINAL_SmithLaurence\DirectX12Engine\DirectX12Engine\Command.hpp(19,15): error C4430: missing type specifier - int assumed. Note: C++ does not support default-int
C:\School\Semester 9\Game Engine Development 2\Assignments\New Engine\DirectX12Engine\GAME3015_FINAL_SmithLaurence\DirectX12Engine\DirectX12Engine\Command.hpp(19,51): error C2238: unexpected token(s) preceding ';'
C:\School\Semester 9\Game Engine Development 2\Assignments\New Engine\DirectX12Engine\GAME3015_FINAL_SmithLaurence\DirectX12Engine\DirectX12Engine\Command.hpp(24,6): error C2039: 'function': is not a member of 'std'
C:\Program Files (x86)\Microsoft Visual Studio\2019\Community\VC\Tools\MSVC\14.29.30133\include\sstream(20): message : see declaration of 'std'
C:\School\Semester 9\Game Engine Development 2\Assignments\New Engine\DirectX12Engine\GAME3015_FINAL_SmithLaurence\DirectX12Engine\DirectX12Engine\Command.hpp(24,14): error C2988: unrecognizable template declaration/definition
C:\School\Semester 9\Game Engine Development 2\Assignments\New Engine\DirectX12Engine\GAME3015_FINAL_SmithLaurence\DirectX12Engine\DirectX12Engine\Command.hpp(24,14): error C2143: syntax error: missing ';' before '<'
C:\School\Semester 9\Game Engine Development 2\Assignments\New Engine\DirectX12Engine\GAME3015_FINAL_SmithLaurence\DirectX12Engine\DirectX12Engine\Command.hpp(24,1): error C2238: unexpected token(s) preceding ';'
C:\School\Semester 9\Game Engine Development 2\Assignments\New Engine\DirectX12Engine\GAME3015_FINAL_SmithLaurence\DirectX12Engine\DirectX12Engine\Command.hpp(24,14): error C2059: syntax error: '<'
C:\School\Semester 9\Game Engine Development 2\Assignments\New Engine\DirectX12Engine\GAME3015_FINAL_SmithLaurence\DirectX12Engine\DirectX12Engine\Command.hpp(25,1): error C2334: unexpected token(s) preceding '{'; skipping apparent function body
C:\Program Files (x86)\Microsoft Visual Studio\2019\Community\VC\Tools\MSVC\14.29.30133\include\deque(24,1): error C2988: unrecognizable template declaration/definition
C:\Program Files (x86)\Microsoft Visual Studio\2019\Community\VC\Tools\MSVC\14.29.30133\include\deque(24,1): error C2059: syntax error: 'namespace'
C:\Program Files (x86)\Microsoft Visual Studio\2019\Community\VC\Tools\MSVC\14.29.30133\include\deque(24,1): error C2334: unexpected token(s) preceding '{'; skipping apparent function body
C:\Program Files (x86)\Microsoft Visual Studio\2019\Community\VC\Tools\MSVC\14.29.30133\include\queue(22,1): error C2988: unrecognizable template declaration/definition
C:\Program Files (x86)\Microsoft Visual Studio\2019\Community\VC\Tools\MSVC\14.29.30133\include\queue(22,1): error C2059: syntax error: 'namespace'
C:\Program Files (x86)\Microsoft Visual Studio\2019\Community\VC\Tools\MSVC\14.29.30133\include\queue(22,1): error C2334: unexpected token(s) preceding '{'; skipping apparent function body
C:\Program Files (x86)\Microsoft Visual Studio\2019\Community\VC\Tools\MSVC\14.29.30133\include\xtree(24,1): error C2988: unrecognizable template declaration/definition
C:\Program Files (x86)\Microsoft Visual Studio\2019\Community\VC\Tools\MSVC\14.29.30133\include\xtree(24,1): error C2059: syntax error: 'namespace'
C:\Program Files (x86)\Microsoft Visual Studio\2019\Community\VC\Tools\MSVC\14.29.30133\include\xtree(24,1): error C2334: unexpected token(s) preceding '{'; skipping apparent function body
C:\Program Files (x86)\Microsoft Visual Studio\2019\Community\VC\Tools\MSVC\14.29.30133\include\map(25,1): error C2988: unrecognizable template declaration/definition
C:\Program Files (x86)\Microsoft Visual Studio\2019\Community\VC\Tools\MSVC\14.29.30133\include\map(25,1): error C2059: syntax error: 'namespace'
C:\Program Files (x86)\Microsoft Visual Studio\2019\Community\VC\Tools\MSVC\14.29.30133\include\map(25,1): error C2334: unexpected token(s) preceding '{'; skipping apparent function body
C:\School\Semester 9\Game Engine Development 2\Assignments\New Engine\DirectX12Engine\GAME3015_FINAL_SmithLaurence\DirectX12Engine\DirectX12Engine\StateStack.hpp(65,18): error C2039: 'registerState': is not a member of 'MenuState::StateStack'
C:\School\Semester 9\Game Engine Development 2\Assignments\New Engine\DirectX12Engine\GAME3015_FINAL_SmithLaurence\DirectX12Engine\DirectX12Engine\StateStack.hpp(13): message : see declaration of 'MenuState::StateStack'
C:\School\Semester 9\Game Engine Development 2\Assignments\New Engine\DirectX12Engine\GAME3015_FINAL_SmithLaurence\DirectX12Engine\DirectX12Engine\Game.hpp(97,8): error C2079: 'MenuState::Game::mWorld' uses undefined class 'MenuState::World'
C:\School\Semester 9\Game Engine Development 2\Assignments\New Engine\DirectX12Engine\GAME3015_FINAL_SmithLaurence\DirectX12Engine\DirectX12Engine\Game.hpp(98,9): error C2079: 'MenuState::Game::mPlayer' uses undefined class 'MenuState::Player'
C:\School\Semester 9\Game Engine Development 2\Assignments\New Engine\DirectX12Engine\GAME3015_FINAL_SmithLaurence\DirectX12Engine\DirectX12Engine\Game.hpp(99,13): error C2079: 'MenuState::Game::mStateStack' uses undefined class 'MenuState::StateStack'
C:\School\Semester 9\Game Engine Development 2\Assignments\New Engine\DirectX12Engine\GAME3015_FINAL_SmithLaurence\DirectX12Engine\DirectX12Engine\MenuState.cpp(17,13): error C2535: 'MenuState::~MenuState(void)': member function already defined or declared
C:\School\Semester 9\Game Engine Development 2\Assignments\New Engine\DirectX12Engine\GAME3015_FINAL_SmithLaurence\DirectX12Engine\DirectX12Engine\MenuState.hpp(12): message : see declaration of 'MenuState::~MenuState'
C:\School\Semester 9\Game Engine Development 2\Assignments\New Engine\DirectX12Engine\GAME3015_FINAL_SmithLaurence\DirectX12Engine\DirectX12Engine\MenuState.cpp(21,17): error C2535: 'void MenuState::draw(void)': member function already defined or declared
C:\School\Semester 9\Game Engine Development 2\Assignments\New Engine\DirectX12Engine\GAME3015_FINAL_SmithLaurence\DirectX12Engine\DirectX12Engine\MenuState.hpp(14): message : see declaration of 'MenuState::draw'
C:\School\Semester 9\Game Engine Development 2\Assignments\New Engine\DirectX12Engine\GAME3015_FINAL_SmithLaurence\DirectX12Engine\DirectX12Engine\MenuState.cpp(26,17): error C2535: 'bool MenuState::update(const GameTimer &)': member function already defined or declared
C:\School\Semester 9\Game Engine Development 2\Assignments\New Engine\DirectX12Engine\GAME3015_FINAL_SmithLaurence\DirectX12Engine\DirectX12Engine\MenuState.hpp(15): message : see declaration of 'MenuState::update'
C:\School\Semester 9\Game Engine Development 2\Assignments\New Engine\DirectX12Engine\GAME3015_FINAL_SmithLaurence\DirectX12Engine\DirectX12Engine\MenuState.cpp(31,17): error C2535: 'bool MenuState::handleEvent(WPARAM)': member function already defined or declared
C:\School\Semester 9\Game Engine Development 2\Assignments\New Engine\DirectX12Engine\GAME3015_FINAL_SmithLaurence\DirectX12Engine\DirectX12Engine\MenuState.hpp(16): message : see declaration of 'MenuState::handleEvent'
C:\School\Semester 9\Game Engine Development 2\Assignments\New Engine\DirectX12Engine\GAME3015_FINAL_SmithLaurence\DirectX12Engine\DirectX12Engine\MenuState.cpp(50,17): error C2535: 'bool MenuState::handleRealTimeInput(void)': member function already defined or declared
C:\School\Semester 9\Game Engine Development 2\Assignments\New Engine\DirectX12Engine\GAME3015_FINAL_SmithLaurence\DirectX12Engine\DirectX12Engine\MenuState.hpp(17): message : see declaration of 'MenuState::handleRealTimeInput'
C:\School\Semester 9\Game Engine Development 2\Assignments\New Engine\DirectX12Engine\GAME3015_FINAL_SmithLaurence\DirectX12Engine\DirectX12Engine\MenuState.cpp(55,17): error C2535: 'void MenuState::LoadScene(void)': member function already defined or declared
C:\School\Semester 9\Game Engine Development 2\Assignments\New Engine\DirectX12Engine\GAME3015_FINAL_SmithLaurence\DirectX12Engine\DirectX12Engine\MenuState.hpp(18): message : see declaration of 'MenuState::LoadScene'
C:\School\Semester 9\Game Engine Development 2\Assignments\New Engine\DirectX12Engine\GAME3015_FINAL_SmithLaurence\DirectX12Engine\DirectX12Engine\MenuState.hpp(9): fatal error C1075: '{': no matching token found
  PauseState.cpp
C:\School\Semester 9\Game Engine Development 2\Assignments\New Engine\DirectX12Engine\GAME3015_FINAL_SmithLaurence\DirectX12Engine\DirectX12Engine\TitleState.hpp(19,35): error C2535: 'void TitleState::LoadScene(void)': member function already defined or declared
C:\School\Semester 9\Game Engine Development 2\Assignments\New Engine\DirectX12Engine\GAME3015_FINAL_SmithLaurence\DirectX12Engine\DirectX12Engine\TitleState.hpp(18): message : see declaration of 'TitleState::LoadScene'
C:\School\Semester 9\Game Engine Development 2\Assignments\New Engine\DirectX12Engine\GAME3015_FINAL_SmithLaurence\DirectX12Engine\DirectX12Engine\MenuState.hpp(21,35): error C2535: 'void MenuState::LoadScene(void)': member function already defined or declared
C:\School\Semester 9\Game Engine Development 2\Assignments\New Engine\DirectX12Engine\GAME3015_FINAL_SmithLaurence\DirectX12Engine\DirectX12Engine\MenuState.hpp(18): message : see declaration of 'MenuState::LoadScene'
C:\School\Semester 9\Game Engine Development 2\Assignments\New Engine\DirectX12Engine\GAME3015_FINAL_SmithLaurence\DirectX12Engine\DirectX12Engine\StateStack.hpp(65,18): error C3254: 'MenuState': class contains explicit override 'registerState' but does not derive from an interface that contains the function declaration
C:\School\Semester 9\Game Engine Development 2\Assignments\New Engine\DirectX12Engine\GAME3015_FINAL_SmithLaurence\DirectX12Engine\DirectX12Engine\StateStack.hpp(65,18): error C2838: 'registerState': illegal qualified name in member declaration
C:\School\Semester 9\Game Engine Development 2\Assignments\New Engine\DirectX12Engine\GAME3015_FINAL_SmithLaurence\DirectX12Engine\DirectX12Engine\PauseState.cpp(6,13): error C3254: 'MenuState': class contains explicit override '{ctor}' but does not derive from an interface that contains the function declaration
C:\School\Semester 9\Game Engine Development 2\Assignments\New Engine\DirectX12Engine\GAME3015_FINAL_SmithLaurence\DirectX12Engine\DirectX12Engine\PauseState.cpp(6,13): error C2838: '{ctor}': illegal qualified name in member declaration
C:\School\Semester 9\Game Engine Development 2\Assignments\New Engine\DirectX12Engine\GAME3015_FINAL_SmithLaurence\DirectX12Engine\DirectX12Engine\PauseState.cpp(15,14): error C3254: 'MenuState': class contains explicit override '{dtor}' but does not derive from an interface that contains the function declaration
C:\School\Semester 9\Game Engine Development 2\Assignments\New Engine\DirectX12Engine\GAME3015_FINAL_SmithLaurence\DirectX12Engine\DirectX12Engine\PauseState.cpp(15,14): error C2838: '{dtor}': illegal qualified name in member declaration
C:\School\Semester 9\Game Engine Development 2\Assignments\New Engine\DirectX12Engine\GAME3015_FINAL_SmithLaurence\DirectX12Engine\DirectX12Engine\PauseState.cpp(15,14): error C2535: 'MenuState::~MenuState(void)': member function already defined or declared
C:\School\Semester 9\Game Engine Development 2\Assignments\New Engine\DirectX12Engine\GAME3015_FINAL_SmithLaurence\DirectX12Engine\DirectX12Engine\MenuState.hpp(12): message : see declaration of 'MenuState::~MenuState'
C:\School\Semester 9\Game Engine Development 2\Assignments\New Engine\DirectX12Engine\GAME3015_FINAL_SmithLaurence\DirectX12Engine\DirectX12Engine\PauseState.cpp(19,18): error C3254: 'MenuState': class contains explicit override 'draw' but does not derive from an interface that contains the function declaration
C:\School\Semester 9\Game Engine Development 2\Assignments\New Engine\DirectX12Engine\GAME3015_FINAL_SmithLaurence\DirectX12Engine\DirectX12Engine\PauseState.cpp(19,18): error C2838: 'draw': illegal qualified name in member declaration
C:\School\Semester 9\Game Engine Development 2\Assignments\New Engine\DirectX12Engine\GAME3015_FINAL_SmithLaurence\DirectX12Engine\DirectX12Engine\PauseState.cpp(19,18): error C2535: 'void MenuState::draw(void)': member function already defined or declared
C:\School\Semester 9\Game Engine Development 2\Assignments\New Engine\DirectX12Engine\GAME3015_FINAL_SmithLaurence\DirectX12Engine\DirectX12Engine\MenuState.hpp(14): message : see declaration of 'MenuState::draw'
C:\School\Semester 9\Game Engine Development 2\Assignments\New Engine\DirectX12Engine\GAME3015_FINAL_SmithLaurence\DirectX12Engine\DirectX12Engine\PauseState.cpp(24,18): error C3254: 'MenuState': class contains explicit override 'update' but does not derive from an interface that contains the function declaration
C:\School\Semester 9\Game Engine Development 2\Assignments\New Engine\DirectX12Engine\GAME3015_FINAL_SmithLaurence\DirectX12Engine\DirectX12Engine\PauseState.cpp(24,18): error C2838: 'update': illegal qualified name in member declaration
C:\School\Semester 9\Game Engine Development 2\Assignments\New Engine\DirectX12Engine\GAME3015_FINAL_SmithLaurence\DirectX12Engine\DirectX12Engine\PauseState.cpp(24,18): error C2535: 'bool MenuState::update(const GameTimer &)': member function already defined or declared
C:\School\Semester 9\Game Engine Development 2\Assignments\New Engine\DirectX12Engine\GAME3015_FINAL_SmithLaurence\DirectX12Engine\DirectX12Engine\MenuState.hpp(15): message : see declaration of 'MenuState::update'
C:\School\Semester 9\Game Engine Development 2\Assignments\New Engine\DirectX12Engine\GAME3015_FINAL_SmithLaurence\DirectX12Engine\DirectX12Engine\PauseState.cpp(29,18): error C3254: 'MenuState': class contains explicit override 'handleEvent' but does not derive from an interface that contains the function declaration
C:\School\Semester 9\Game Engine Development 2\Assignments\New Engine\DirectX12Engine\GAME3015_FINAL_SmithLaurence\DirectX12Engine\DirectX12Engine\PauseState.cpp(29,18): error C2838: 'handleEvent': illegal qualified name in member declaration
C:\School\Semester 9\Game Engine Development 2\Assignments\New Engine\DirectX12Engine\GAME3015_FINAL_SmithLaurence\DirectX12Engine\DirectX12Engine\PauseState.cpp(29,18): error C2535: 'bool MenuState::handleEvent(WPARAM)': member function already defined or declared
C:\School\Semester 9\Game Engine Development 2\Assignments\New Engine\DirectX12Engine\GAME3015_FINAL_SmithLaurence\DirectX12Engine\DirectX12Engine\MenuState.hpp(16): message : see declaration of 'MenuState::handleEvent'
C:\School\Semester 9\Game Engine Development 2\Assignments\New Engine\DirectX12Engine\GAME3015_FINAL_SmithLaurence\DirectX12Engine\DirectX12Engine\PauseState.cpp(43,19): error C3254: 'MenuState': class contains explicit override 'handleRealTimeInput' but does not derive from an interface that contains the function declaration
C:\School\Semester 9\Game Engine Development 2\Assignments\New Engine\DirectX12Engine\GAME3015_FINAL_SmithLaurence\DirectX12Engine\DirectX12Engine\PauseState.cpp(43,19): error C2838: 'handleRealTimeInput': illegal qualified name in member declaration
C:\School\Semester 9\Game Engine Development 2\Assignments\New Engine\DirectX12Engine\GAME3015_FINAL_SmithLaurence\DirectX12Engine\DirectX12Engine\PauseState.cpp(43,19): error C2535: 'bool MenuState::handleRealTimeInput(void)': member function already defined or declared
C:\School\Semester 9\Game Engine Development 2\Assignments\New Engine\DirectX12Engine\GAME3015_FINAL_SmithLaurence\DirectX12Engine\DirectX12Engine\MenuState.hpp(17): message : see declaration of 'MenuState::handleRealTimeInput'
C:\School\Semester 9\Game Engine Development 2\Assignments\New Engine\DirectX12Engine\GAME3015_FINAL_SmithLaurence\DirectX12Engine\DirectX12Engine\PauseState.cpp(48,18): error C3254: 'MenuState': class contains explicit override 'LoadScene' but does not derive from an interface that contains the function declaration
C:\School\Semester 9\Game Engine Development 2\Assignments\New Engine\DirectX12Engine\GAME3015_FINAL_SmithLaurence\DirectX12Engine\DirectX12Engine\PauseState.cpp(48,18): error C2838: 'LoadScene': illegal qualified name in member declaration
C:\School\Semester 9\Game Engine Development 2\Assignments\New Engine\DirectX12Engine\GAME3015_FINAL_SmithLaurence\DirectX12Engine\DirectX12Engine\PauseState.cpp(48,18): error C2535: 'void MenuState::LoadScene(void)': member function already defined or declared
C:\School\Semester 9\Game Engine Development 2\Assignments\New Engine\DirectX12Engine\GAME3015_FINAL_SmithLaurence\DirectX12Engine\DirectX12Engine\MenuState.hpp(18): message : see declaration of 'MenuState::LoadScene'
C:\School\Semester 9\Game Engine Development 2\Assignments\New Engine\DirectX12Engine\GAME3015_FINAL_SmithLaurence\DirectX12Engine\DirectX12Engine\MenuState.hpp(9): fatal error C1075: '{': no matching token found
  SceneNode.cpp
C:\School\Semester 9\Game Engine Development 2\Assignments\New Engine\DirectX12Engine\GAME3015_FINAL_SmithLaurence\DirectX12Engine\DirectX12Engine\TitleState.hpp(19,35): error C2535: 'void TitleState::LoadScene(void)': member function already defined or declared
C:\School\Semester 9\Game Engine Development 2\Assignments\New Engine\DirectX12Engine\GAME3015_FINAL_SmithLaurence\DirectX12Engine\DirectX12Engine\TitleState.hpp(18): message : see declaration of 'TitleState::LoadScene'
C:\School\Semester 9\Game Engine Development 2\Assignments\New Engine\DirectX12Engine\GAME3015_FINAL_SmithLaurence\DirectX12Engine\DirectX12Engine\MenuState.hpp(21,35): error C2535: 'void MenuState::LoadScene(void)': member function already defined or declared
C:\School\Semester 9\Game Engine Development 2\Assignments\New Engine\DirectX12Engine\GAME3015_FINAL_SmithLaurence\DirectX12Engine\DirectX12Engine\MenuState.hpp(18): message : see declaration of 'MenuState::LoadScene'
C:\School\Semester 9\Game Engine Development 2\Assignments\New Engine\DirectX12Engine\GAME3015_FINAL_SmithLaurence\DirectX12Engine\DirectX12Engine\StateStack.hpp(65,18): error C3254: 'MenuState': class contains explicit override 'registerState' but does not derive from an interface that contains the function declaration
C:\School\Semester 9\Game Engine Development 2\Assignments\New Engine\DirectX12Engine\GAME3015_FINAL_SmithLaurence\DirectX12Engine\DirectX12Engine\StateStack.hpp(65,18): error C2838: 'registerState': illegal qualified name in member declaration
C:\School\Semester 9\Game Engine Development 2\Assignments\New Engine\DirectX12Engine\GAME3015_FINAL_SmithLaurence\DirectX12Engine\DirectX12Engine\SceneNode.cpp(4,12): error C3254: 'MenuState': class contains explicit override '{ctor}' but does not derive from an interface that contains the function declaration
C:\School\Semester 9\Game Engine Development 2\Assignments\New Engine\DirectX12Engine\GAME3015_FINAL_SmithLaurence\DirectX12Engine\DirectX12Engine\SceneNode.cpp(4,12): error C2838: '{ctor}': illegal qualified name in member declaration
C:\School\Semester 9\Game Engine Development 2\Assignments\New Engine\DirectX12Engine\GAME3015_FINAL_SmithLaurence\DirectX12Engine\DirectX12Engine\SceneNode.cpp(14,17): error C3254: 'MenuState': class contains explicit override 'attachChild' but does not derive from an interface that contains the function declaration
C:\School\Semester 9\Game Engine Development 2\Assignments\New Engine\DirectX12Engine\GAME3015_FINAL_SmithLaurence\DirectX12Engine\DirectX12Engine\SceneNode.cpp(14,17): error C2838: 'attachChild': illegal qualified name in member declaration
C:\School\Semester 9\Game Engine Development 2\Assignments\New Engine\DirectX12Engine\GAME3015_FINAL_SmithLaurence\DirectX12Engine\DirectX12Engine\SceneNode.cpp(20,21): error C2143: syntax error: missing ';' before 'SceneNode::detachChild'
C:\School\Semester 9\Game Engine Development 2\Assignments\New Engine\DirectX12Engine\GAME3015_FINAL_SmithLaurence\DirectX12Engine\DirectX12Engine\SceneNode.cpp(20,32): error C4430: missing type specifier - int assumed. Note: C++ does not support default-int
C:\School\Semester 9\Game Engine Development 2\Assignments\New Engine\DirectX12Engine\GAME3015_FINAL_SmithLaurence\DirectX12Engine\DirectX12Engine\SceneNode.cpp(20,21): error C3254: 'MenuState': class contains explicit override 'detachChild' but does not derive from an interface that contains the function declaration
C:\School\Semester 9\Game Engine Development 2\Assignments\New Engine\DirectX12Engine\GAME3015_FINAL_SmithLaurence\DirectX12Engine\DirectX12Engine\SceneNode.cpp(20,21): error C2838: 'detachChild': illegal qualified name in member declaration
C:\School\Semester 9\Game Engine Development 2\Assignments\New Engine\DirectX12Engine\GAME3015_FINAL_SmithLaurence\DirectX12Engine\DirectX12Engine\SceneNode.cpp(21,1): error C4430: missing type specifier - int assumed. Note: C++ does not support default-int
C:\School\Semester 9\Game Engine Development 2\Assignments\New Engine\DirectX12Engine\GAME3015_FINAL_SmithLaurence\DirectX12Engine\DirectX12Engine\SceneNode.cpp(29,1): warning C4183: 'detachChild': missing return type; assumed to be a member function returning 'int'
C:\School\Semester 9\Game Engine Development 2\Assignments\New Engine\DirectX12Engine\GAME3015_FINAL_SmithLaurence\DirectX12Engine\DirectX12Engine\SceneNode.cpp(31,17): error C3254: 'MenuState': class contains explicit override 'update' but does not derive from an interface that contains the function declaration
C:\School\Semester 9\Game Engine Development 2\Assignments\New Engine\DirectX12Engine\GAME3015_FINAL_SmithLaurence\DirectX12Engine\DirectX12Engine\SceneNode.cpp(31,17): error C2838: 'update': illegal qualified name in member declaration
C:\School\Semester 9\Game Engine Development 2\Assignments\New Engine\DirectX12Engine\GAME3015_FINAL_SmithLaurence\DirectX12Engine\DirectX12Engine\SceneNode.cpp(32,1): error C2556: 'void MenuState::update(const GameTimer &)': overloaded function differs only by return type from 'bool MenuState::update(const GameTimer &)'
C:\School\Semester 9\Game Engine Development 2\Assignments\New Engine\DirectX12Engine\GAME3015_FINAL_SmithLaurence\DirectX12Engine\DirectX12Engine\MenuState.hpp(15): message : see declaration of 'MenuState::update'
C:\School\Semester 9\Game Engine Development 2\Assignments\New Engine\DirectX12Engine\GAME3015_FINAL_SmithLaurence\DirectX12Engine\DirectX12Engine\SceneNode.cpp(31,17): error C2371: 'MenuState::update': redefinition; different basic types
C:\School\Semester 9\Game Engine Development 2\Assignments\New Engine\DirectX12Engine\GAME3015_FINAL_SmithLaurence\DirectX12Engine\DirectX12Engine\MenuState.hpp(15): message : see declaration of 'MenuState::update'
C:\School\Semester 9\Game Engine Development 2\Assignments\New Engine\DirectX12Engine\GAME3015_FINAL_SmithLaurence\DirectX12Engine\DirectX12Engine\SceneNode.cpp(33,16): error C2061: syntax error: identifier 'gt'
C:\School\Semester 9\Game Engine Development 2\Assignments\New Engine\DirectX12Engine\GAME3015_FINAL_SmithLaurence\DirectX12Engine\DirectX12Engine\SceneNode.cpp(33,19): error C4430: missing type specifier - int assumed. Note: C++ does not support default-int
C:\School\Semester 9\Game Engine Development 2\Assignments\New Engine\DirectX12Engine\GAME3015_FINAL_SmithLaurence\DirectX12Engine\DirectX12Engine\SceneNode.cpp(33,19): warning C4183: 'updateCurrent': missing return type; assumed to be a member function returning 'int'
C:\School\Semester 9\Game Engine Development 2\Assignments\New Engine\DirectX12Engine\GAME3015_FINAL_SmithLaurence\DirectX12Engine\DirectX12Engine\SceneNode.cpp(34,17): error C2061: syntax error: identifier 'gt'
C:\School\Semester 9\Game Engine Development 2\Assignments\New Engine\DirectX12Engine\GAME3015_FINAL_SmithLaurence\DirectX12Engine\DirectX12Engine\SceneNode.cpp(34,20): error C4430: missing type specifier - int assumed. Note: C++ does not support default-int
C:\School\Semester 9\Game Engine Development 2\Assignments\New Engine\DirectX12Engine\GAME3015_FINAL_SmithLaurence\DirectX12Engine\DirectX12Engine\SceneNode.cpp(34,20): warning C4183: 'updateChildren': missing return type; assumed to be a member function returning 'int'
C:\School\Semester 9\Game Engine Development 2\Assignments\New Engine\DirectX12Engine\GAME3015_FINAL_SmithLaurence\DirectX12Engine\DirectX12Engine\SceneNode.cpp(37,1): error C2628: 'MenuState' followed by 'void' is illegal (did you forget a ';'?)
C:\School\Semester 9\Game Engine Development 2\Assignments\New Engine\DirectX12Engine\GAME3015_FINAL_SmithLaurence\DirectX12Engine\DirectX12Engine\SceneNode.cpp(38,1): error C2556: 'MenuState SceneNode::updateCurrent(const GameTimer &)': overloaded function differs only by return type from 'void SceneNode::updateCurrent(const GameTimer &)'
C:\School\Semester 9\Game Engine Development 2\Assignments\New Engine\DirectX12Engine\GAME3015_FINAL_SmithLaurence\DirectX12Engine\DirectX12Engine\SceneNode.hpp(85): message : see declaration of 'SceneNode::updateCurrent'
C:\School\Semester 9\Game Engine Development 2\Assignments\New Engine\DirectX12Engine\GAME3015_FINAL_SmithLaurence\DirectX12Engine\DirectX12Engine\SceneNode.cpp(37,17): error C2371: 'SceneNode::updateCurrent': redefinition; different basic types
C:\School\Semester 9\Game Engine Development 2\Assignments\New Engine\DirectX12Engine\GAME3015_FINAL_SmithLaurence\DirectX12Engine\DirectX12Engine\SceneNode.hpp(85): message : see declaration of 'SceneNode::updateCurrent'
C:\School\Semester 9\Game Engine Development 2\Assignments\New Engine\DirectX12Engine\GAME3015_FINAL_SmithLaurence\DirectX12Engine\DirectX12Engine\SceneNode.cpp(8,1): error C2512: 'State': no appropriate default constructor available
C:\School\Semester 9\Game Engine Development 2\Assignments\New Engine\DirectX12Engine\GAME3015_FINAL_SmithLaurence\DirectX12Engine\DirectX12Engine\State.hpp(21,7): message : see declaration of 'State'
C:\School\Semester 9\Game Engine Development 2\Assignments\New Engine\DirectX12Engine\GAME3015_FINAL_SmithLaurence\DirectX12Engine\DirectX12Engine\SceneNode.cpp(5,4): error C2614: 'MenuState': illegal member initialization: 'mChildren' is not a base or member
C:\School\Semester 9\Game Engine Development 2\Assignments\New Engine\DirectX12Engine\GAME3015_FINAL_SmithLaurence\DirectX12Engine\DirectX12Engine\SceneNode.cpp(6,4): error C2614: 'MenuState': illegal member initialization: 'mParent' is not a base or member
C:\School\Semester 9\Game Engine Development 2\Assignments\New Engine\DirectX12Engine\GAME3015_FINAL_SmithLaurence\DirectX12Engine\DirectX12Engine\SceneNode.cpp(7,4): error C2614: 'MenuState': illegal member initialization: 'game' is not a base or member
C:\School\Semester 9\Game Engine Development 2\Assignments\New Engine\DirectX12Engine\GAME3015_FINAL_SmithLaurence\DirectX12Engine\DirectX12Engine\SceneNode.cpp(9,2): error C2065: 'mWorldPosition': undeclared identifier
C:\School\Semester 9\Game Engine Development 2\Assignments\New Engine\DirectX12Engine\GAME3015_FINAL_SmithLaurence\DirectX12Engine\DirectX12Engine\SceneNode.cpp(10,2): error C2065: 'mWorldScaling': undeclared identifier
C:\School\Semester 9\Game Engine Development 2\Assignments\New Engine\DirectX12Engine\GAME3015_FINAL_SmithLaurence\DirectX12Engine\DirectX12Engine\SceneNode.cpp(11,2): error C2065: 'mWorldRotation': undeclared identifier
C:\School\Semester 9\Game Engine Development 2\Assignments\New Engine\DirectX12Engine\GAME3015_FINAL_SmithLaurence\DirectX12Engine\DirectX12Engine\SceneNode.cpp(16,7): error C2248: 'SceneNode::mParent': cannot access private member declared in class 'SceneNode'
C:\School\Semester 9\Game Engine Development 2\Assignments\New Engine\DirectX12Engine\GAME3015_FINAL_SmithLaurence\DirectX12Engine\DirectX12Engine\SceneNode.hpp(102): message : see declaration of 'SceneNode::mParent'
C:\School\Semester 9\Game Engine Development 2\Assignments\New Engine\DirectX12Engine\GAME3015_FINAL_SmithLaurence\DirectX12Engine\DirectX12Engine\Command.hpp(10): message : see declaration of 'SceneNode'
C:\School\Semester 9\Game Engine Development 2\Assignments\New Engine\DirectX12Engine\GAME3015_FINAL_SmithLaurence\DirectX12Engine\DirectX12Engine\SceneNode.cpp(16,1): error C2440: '=': cannot convert from 'MenuState *' to 'SceneNode *'
C:\School\Semester 9\Game Engine Development 2\Assignments\New Engine\DirectX12Engine\GAME3015_FINAL_SmithLaurence\DirectX12Engine\DirectX12Engine\SceneNode.cpp(16,19): message : Types pointed to are unrelated; conversion requires reinterpret_cast, C-style cast or function-style cast
C:\School\Semester 9\Game Engine Development 2\Assignments\New Engine\DirectX12Engine\GAME3015_FINAL_SmithLaurence\DirectX12Engine\DirectX12Engine\SceneNode.cpp(17,2): error C2065: 'mChildren': undeclared identifier
C:\School\Semester 9\Game Engine Development 2\Assignments\New Engine\DirectX12Engine\GAME3015_FINAL_SmithLaurence\DirectX12Engine\DirectX12Engine\SceneNode.cpp(22,28): error C2065: 'mChildren': undeclared identifier
C:\School\Semester 9\Game Engine Development 2\Assignments\New Engine\DirectX12Engine\GAME3015_FINAL_SmithLaurence\DirectX12Engine\DirectX12Engine\SceneNode.cpp(22,47): error C2065: 'mChildren': undeclared identifier
C:\School\Semester 9\Game Engine Development 2\Assignments\New Engine\DirectX12Engine\GAME3015_FINAL_SmithLaurence\DirectX12Engine\DirectX12Engine\SceneNode.cpp(22,68): error C2061: syntax error: identifier 'ScenePtr'
C:\School\Semester 9\Game Engine Development 2\Assignments\New Engine\DirectX12Engine\GAME3015_FINAL_SmithLaurence\DirectX12Engine\DirectX12Engine\SceneNode.cpp(22,90): error C2065: 'p': undeclared identifier
C:\School\Semester 9\Game Engine Development 2\Assignments\New Engine\DirectX12Engine\GAME3015_FINAL_SmithLaurence\DirectX12Engine\DirectX12Engine\SceneNode.cpp(22,20): error C2672: 'std::find_if': no matching overloaded function found
C:\School\Semester 9\Game Engine Development 2\Assignments\New Engine\DirectX12Engine\GAME3015_FINAL_SmithLaurence\DirectX12Engine\DirectX12Engine\SceneNode.cpp(22,1): error C2780: '_InIt std::find_if(_InIt,const _InIt,_Pr)': expects 3 arguments - 2 provided
C:\Program Files (x86)\Microsoft Visual Studio\2019\Community\VC\Tools\MSVC\14.29.30133\include\xutility(5638): message : see declaration of 'std::find_if'
C:\School\Semester 9\Game Engine Development 2\Assignments\New Engine\DirectX12Engine\GAME3015_FINAL_SmithLaurence\DirectX12Engine\DirectX12Engine\SceneNode.cpp(23,1): error C3536: 'found': cannot be used before it is initialized
C:\School\Semester 9\Game Engine Development 2\Assignments\New Engine\DirectX12Engine\GAME3015_FINAL_SmithLaurence\DirectX12Engine\DirectX12Engine\SceneNode.cpp(23,2): error C2065: 'mChildren': undeclared identifier
C:\School\Semester 9\Game Engine Development 2\Assignments\New Engine\DirectX12Engine\GAME3015_FINAL_SmithLaurence\DirectX12Engine\DirectX12Engine\SceneNode.cpp(25,2): error C2065: 'ScenePtr': undeclared identifier
C:\School\Semester 9\Game Engine Development 2\Assignments\New Engine\DirectX12Engine\GAME3015_FINAL_SmithLaurence\DirectX12Engine\DirectX12Engine\SceneNode.cpp(25,11): error C2146: syntax error: missing ';' before identifier 'result'
C:\School\Semester 9\Game Engine Development 2\Assignments\New Engine\DirectX12Engine\GAME3015_FINAL_SmithLaurence\DirectX12Engine\DirectX12Engine\SceneNode.cpp(25,11): error C2065: 'result': undeclared identifier
C:\School\Semester 9\Game Engine Development 2\Assignments\New Engine\DirectX12Engine\GAME3015_FINAL_SmithLaurence\DirectX12Engine\DirectX12Engine\SceneNode.cpp(25,30): error C2100: illegal indirection
C:\School\Semester 9\Game Engine Development 2\Assignments\New Engine\DirectX12Engine\GAME3015_FINAL_SmithLaurence\DirectX12Engine\DirectX12Engine\SceneNode.cpp(26,2): error C2065: 'result': undeclared identifier
C:\School\Semester 9\Game Engine Development 2\Assignments\New Engine\DirectX12Engine\GAME3015_FINAL_SmithLaurence\DirectX12Engine\DirectX12Engine\SceneNode.cpp(27,2): error C2065: 'mChildren': undeclared identifier
C:\School\Semester 9\Game Engine Development 2\Assignments\New Engine\DirectX12Engine\GAME3015_FINAL_SmithLaurence\DirectX12Engine\DirectX12Engine\SceneNode.cpp(28,9): error C2065: 'result': undeclared identifier
  SpriteNode.cpp
C:\School\Semester 9\Game Engine Development 2\Assignments\New Engine\DirectX12Engine\GAME3015_FINAL_SmithLaurence\DirectX12Engine\DirectX12Engine\TitleState.hpp(19,35): error C2535: 'void TitleState::LoadScene(void)': member function already defined or declared
C:\School\Semester 9\Game Engine Development 2\Assignments\New Engine\DirectX12Engine\GAME3015_FINAL_SmithLaurence\DirectX12Engine\DirectX12Engine\TitleState.hpp(18): message : see declaration of 'TitleState::LoadScene'
C:\School\Semester 9\Game Engine Development 2\Assignments\New Engine\DirectX12Engine\GAME3015_FINAL_SmithLaurence\DirectX12Engine\DirectX12Engine\MenuState.hpp(21,35): error C2535: 'void MenuState::LoadScene(void)': member function already defined or declared
C:\School\Semester 9\Game Engine Development 2\Assignments\New Engine\DirectX12Engine\GAME3015_FINAL_SmithLaurence\DirectX12Engine\DirectX12Engine\MenuState.hpp(18): message : see declaration of 'MenuState::LoadScene'
C:\School\Semester 9\Game Engine Development 2\Assignments\New Engine\DirectX12Engine\GAME3015_FINAL_SmithLaurence\DirectX12Engine\DirectX12Engine\StateStack.hpp(65,18): error C3254: 'MenuState': class contains explicit override 'registerState' but does not derive from an interface that contains the function declaration
C:\School\Semester 9\Game Engine Development 2\Assignments\New Engine\DirectX12Engine\GAME3015_FINAL_SmithLaurence\DirectX12Engine\DirectX12Engine\StateStack.hpp(65,18): error C2838: 'registerState': illegal qualified name in member declaration
C:\School\Semester 9\Game Engine Development 2\Assignments\New Engine\DirectX12Engine\GAME3015_FINAL_SmithLaurence\DirectX12Engine\DirectX12Engine\SpriteNode.cpp(4,13): error C3254: 'MenuState': class contains explicit override '{ctor}' but does not derive from an interface that contains the function declaration
C:\School\Semester 9\Game Engine Development 2\Assignments\New Engine\DirectX12Engine\GAME3015_FINAL_SmithLaurence\DirectX12Engine\DirectX12Engine\SpriteNode.cpp(4,13): error C2838: '{ctor}': illegal qualified name in member declaration
C:\School\Semester 9\Game Engine Development 2\Assignments\New Engine\DirectX12Engine\GAME3015_FINAL_SmithLaurence\DirectX12Engine\DirectX12Engine\SpriteNode.cpp(9,18): error C3254: 'MenuState': class contains explicit override 'drawCurrent' but does not derive from an interface that contains the function declaration
C:\School\Semester 9\Game Engine Development 2\Assignments\New Engine\DirectX12Engine\GAME3015_FINAL_SmithLaurence\DirectX12Engine\DirectX12Engine\SpriteNode.cpp(9,18): error C2838: 'drawCurrent': illegal qualified name in member declaration
C:\School\Semester 9\Game Engine Development 2\Assignments\New Engine\DirectX12Engine\GAME3015_FINAL_SmithLaurence\DirectX12Engine\DirectX12Engine\SpriteNode.cpp(41,18): error C3254: 'MenuState': class contains explicit override 'buildCurrent' but does not derive from an interface that contains the function declaration
C:\School\Semester 9\Game Engine Development 2\Assignments\New Engine\DirectX12Engine\GAME3015_FINAL_SmithLaurence\DirectX12Engine\DirectX12Engine\SpriteNode.cpp(41,18): error C2838: 'buildCurrent': illegal qualified name in member declaration
C:\School\Semester 9\Game Engine Development 2\Assignments\New Engine\DirectX12Engine\GAME3015_FINAL_SmithLaurence\DirectX12Engine\DirectX12Engine\MenuState.hpp(9): fatal error C1075: '{': no matching token found
  State.cpp
C:\School\Semester 9\Game Engine Development 2\Assignments\New Engine\DirectX12Engine\GAME3015_FINAL_SmithLaurence\DirectX12Engine\DirectX12Engine\TitleState.hpp(19,35): error C2535: 'void TitleState::LoadScene(void)': member function already defined or declared
C:\School\Semester 9\Game Engine Development 2\Assignments\New Engine\DirectX12Engine\GAME3015_FINAL_SmithLaurence\DirectX12Engine\DirectX12Engine\TitleState.hpp(18): message : see declaration of 'TitleState::LoadScene'
C:\School\Semester 9\Game Engine Development 2\Assignments\New Engine\DirectX12Engine\GAME3015_FINAL_SmithLaurence\DirectX12Engine\DirectX12Engine\MenuState.hpp(21,35): error C2535: 'void MenuState::LoadScene(void)': member function already defined or declared
C:\School\Semester 9\Game Engine Development 2\Assignments\New Engine\DirectX12Engine\GAME3015_FINAL_SmithLaurence\DirectX12Engine\DirectX12Engine\MenuState.hpp(18): message : see declaration of 'MenuState::LoadScene'
C:\School\Semester 9\Game Engine Development 2\Assignments\New Engine\DirectX12Engine\GAME3015_FINAL_SmithLaurence\DirectX12Engine\DirectX12Engine\Game.hpp(99,13): error C2079: 'MenuState::Game::mStateStack' uses undefined class 'MenuState::StateStack'
C:\School\Semester 9\Game Engine Development 2\Assignments\New Engine\DirectX12Engine\GAME3015_FINAL_SmithLaurence\DirectX12Engine\DirectX12Engine\State.cpp(7,17): error C3254: 'MenuState': class contains explicit override '{ctor}' but does not derive from an interface that contains the function declaration
C:\School\Semester 9\Game Engine Development 2\Assignments\New Engine\DirectX12Engine\GAME3015_FINAL_SmithLaurence\DirectX12Engine\DirectX12Engine\State.cpp(7,17): error C2838: '{ctor}': illegal qualified name in member declaration
C:\School\Semester 9\Game Engine Development 2\Assignments\New Engine\DirectX12Engine\GAME3015_FINAL_SmithLaurence\DirectX12Engine\DirectX12Engine\State.cpp(13,8): error C3254: 'MenuState': class contains explicit override '{ctor}' but does not derive from an interface that contains the function declaration
C:\School\Semester 9\Game Engine Development 2\Assignments\New Engine\DirectX12Engine\GAME3015_FINAL_SmithLaurence\DirectX12Engine\DirectX12Engine\State.cpp(14,2): error C3241: 'MenuState::MenuState(MenuState::StateStack *,State::Context *)': this method was not introduced by 'State'
C:\School\Semester 9\Game Engine Development 2\Assignments\New Engine\DirectX12Engine\GAME3015_FINAL_SmithLaurence\DirectX12Engine\DirectX12Engine\State.cpp(13): message : see declaration of 'MenuState::MenuState'
C:\School\Semester 9\Game Engine Development 2\Assignments\New Engine\DirectX12Engine\GAME3015_FINAL_SmithLaurence\DirectX12Engine\DirectX12Engine\State.cpp(18,9): error C3254: 'MenuState': class contains explicit override '{dtor}' but does not derive from an interface that contains the function declaration
C:\School\Semester 9\Game Engine Development 2\Assignments\New Engine\DirectX12Engine\GAME3015_FINAL_SmithLaurence\DirectX12Engine\DirectX12Engine\State.cpp(23,13): error C3240: 'requestStackPush': must be a non-overloaded abstract member function of 'State'
C:\School\Semester 9\Game Engine Development 2\Assignments\New Engine\DirectX12Engine\GAME3015_FINAL_SmithLaurence\DirectX12Engine\DirectX12Engine\State.cpp(23,13): error C2838: 'requestStackPush': illegal qualified name in member declaration
C:\School\Semester 9\Game Engine Development 2\Assignments\New Engine\DirectX12Engine\GAME3015_FINAL_SmithLaurence\DirectX12Engine\DirectX12Engine\State.cpp(23,13): message : An explicit override can only be used for a method that was first introduced in an interface and whose override qualifier is an interface
C:\School\Semester 9\Game Engine Development 2\Assignments\New Engine\DirectX12Engine\GAME3015_FINAL_SmithLaurence\DirectX12Engine\DirectX12Engine\State.cpp(24,1): error C3244: 'void MenuState::requestStackPush(States::ID)': this method was introduced by '<Unknown>' not by 'State'
C:\School\Semester 9\Game Engine Development 2\Assignments\New Engine\DirectX12Engine\GAME3015_FINAL_SmithLaurence\DirectX12Engine\DirectX12Engine\State.cpp(28,13): error C3240: 'requestStackPop': must be a non-overloaded abstract member function of 'State'
C:\School\Semester 9\Game Engine Development 2\Assignments\New Engine\DirectX12Engine\GAME3015_FINAL_SmithLaurence\DirectX12Engine\DirectX12Engine\State.cpp(28,13): error C2838: 'requestStackPop': illegal qualified name in member declaration
C:\School\Semester 9\Game Engine Development 2\Assignments\New Engine\DirectX12Engine\GAME3015_FINAL_SmithLaurence\DirectX12Engine\DirectX12Engine\State.cpp(28,13): message : An explicit override can only be used for a method that was first introduced in an interface and whose override qualifier is an interface
C:\School\Semester 9\Game Engine Development 2\Assignments\New Engine\DirectX12Engine\GAME3015_FINAL_SmithLaurence\DirectX12Engine\DirectX12Engine\State.cpp(29,1): error C3244: 'void MenuState::requestStackPop(void)': this method was introduced by '<Unknown>' not by 'State'
C:\School\Semester 9\Game Engine Development 2\Assignments\New Engine\DirectX12Engine\GAME3015_FINAL_SmithLaurence\DirectX12Engine\DirectX12Engine\State.cpp(33,13): error C3240: 'requestStateClear': must be a non-overloaded abstract member function of 'State'
C:\School\Semester 9\Game Engine Development 2\Assignments\New Engine\DirectX12Engine\GAME3015_FINAL_SmithLaurence\DirectX12Engine\DirectX12Engine\State.cpp(33,13): error C2838: 'requestStateClear': illegal qualified name in member declaration
C:\School\Semester 9\Game Engine Development 2\Assignments\New Engine\DirectX12Engine\GAME3015_FINAL_SmithLaurence\DirectX12Engine\DirectX12Engine\State.cpp(33,13): message : An explicit override can only be used for a method that was first introduced in an interface and whose override qualifier is an interface
C:\School\Semester 9\Game Engine Development 2\Assignments\New Engine\DirectX12Engine\GAME3015_FINAL_SmithLaurence\DirectX12Engine\DirectX12Engine\State.cpp(34,1): error C3244: 'void MenuState::requestStateClear(void)': this method was introduced by '<Unknown>' not by 'State'
C:\School\Semester 9\Game Engine Development 2\Assignments\New Engine\DirectX12Engine\GAME3015_FINAL_SmithLaurence\DirectX12Engine\DirectX12Engine\State.cpp(38,24): error C3240: 'getContext': must be a non-overloaded abstract member function of 'State'
C:\School\Semester 9\Game Engine Development 2\Assignments\New Engine\DirectX12Engine\GAME3015_FINAL_SmithLaurence\DirectX12Engine\DirectX12Engine\State.cpp(38,24): error C2838: 'getContext': illegal qualified name in member declaration
C:\School\Semester 9\Game Engine Development 2\Assignments\New Engine\DirectX12Engine\GAME3015_FINAL_SmithLaurence\DirectX12Engine\DirectX12Engine\State.cpp(38,24): message : An explicit override can only be used for a method that was first introduced in an interface and whose override qualifier is an interface
C:\School\Semester 9\Game Engine Development 2\Assignments\New Engine\DirectX12Engine\GAME3015_FINAL_SmithLaurence\DirectX12Engine\DirectX12Engine\State.cpp(39,1): error C3244: 'State::Context *MenuState::getContext(void) const': this method was introduced by '<Unknown>' not by 'State'
C:\School\Semester 9\Game Engine Development 2\Assignments\New Engine\DirectX12Engine\GAME3015_FINAL_SmithLaurence\DirectX12Engine\DirectX12Engine\MenuState.hpp(9): fatal error C1075: '{': no matching token found
  TitleState.cpp
C:\School\Semester 9\Game Engine Development 2\Assignments\New Engine\DirectX12Engine\GAME3015_FINAL_SmithLaurence\DirectX12Engine\DirectX12Engine\TitleState.hpp(19,35): error C2535: 'void TitleState::LoadScene(void)': member function already defined or declared
C:\School\Semester 9\Game Engine Development 2\Assignments\New Engine\DirectX12Engine\GAME3015_FINAL_SmithLaurence\DirectX12Engine\DirectX12Engine\TitleState.hpp(18): message : see declaration of 'TitleState::LoadScene'
C:\School\Semester 9\Game Engine Development 2\Assignments\New Engine\DirectX12Engine\GAME3015_FINAL_SmithLaurence\DirectX12Engine\DirectX12Engine\MenuState.hpp(21,35): error C2535: 'void MenuState::LoadScene(void)': member function already defined or declared
C:\School\Semester 9\Game Engine Development 2\Assignments\New Engine\DirectX12Engine\GAME3015_FINAL_SmithLaurence\DirectX12Engine\DirectX12Engine\MenuState.hpp(18): message : see declaration of 'MenuState::LoadScene'
C:\School\Semester 9\Game Engine Development 2\Assignments\New Engine\DirectX12Engine\GAME3015_FINAL_SmithLaurence\DirectX12Engine\DirectX12Engine\StateStack.hpp(65,18): error C3254: 'MenuState': class contains explicit override 'registerState' but does not derive from an interface that contains the function declaration
C:\School\Semester 9\Game Engine Development 2\Assignments\New Engine\DirectX12Engine\GAME3015_FINAL_SmithLaurence\DirectX12Engine\DirectX12Engine\StateStack.hpp(65,18): error C2838: 'registerState': illegal qualified name in member declaration
C:\School\Semester 9\Game Engine Development 2\Assignments\New Engine\DirectX12Engine\GAME3015_FINAL_SmithLaurence\DirectX12Engine\DirectX12Engine\TitleState.cpp(6,13): error C3254: 'MenuState': class contains explicit override '{ctor}' but does not derive from an interface that contains the function declaration
C:\School\Semester 9\Game Engine Development 2\Assignments\New Engine\DirectX12Engine\GAME3015_FINAL_SmithLaurence\DirectX12Engine\DirectX12Engine\TitleState.cpp(6,13): error C2838: '{ctor}': illegal qualified name in member declaration
C:\School\Semester 9\Game Engine Development 2\Assignments\New Engine\DirectX12Engine\GAME3015_FINAL_SmithLaurence\DirectX12Engine\DirectX12Engine\TitleState.cpp(15,18): error C3254: 'MenuState': class contains explicit override 'draw' but does not derive from an interface that contains the function declaration
C:\School\Semester 9\Game Engine Development 2\Assignments\New Engine\DirectX12Engine\GAME3015_FINAL_SmithLaurence\DirectX12Engine\DirectX12Engine\TitleState.cpp(15,18): error C2838: 'draw': illegal qualified name in member declaration
C:\School\Semester 9\Game Engine Development 2\Assignments\New Engine\DirectX12Engine\GAME3015_FINAL_SmithLaurence\DirectX12Engine\DirectX12Engine\TitleState.cpp(15,18): error C2535: 'void MenuState::draw(void)': member function already defined or declared
C:\School\Semester 9\Game Engine Development 2\Assignments\New Engine\DirectX12Engine\GAME3015_FINAL_SmithLaurence\DirectX12Engine\DirectX12Engine\MenuState.hpp(14): message : see declaration of 'MenuState::draw'
C:\School\Semester 9\Game Engine Development 2\Assignments\New Engine\DirectX12Engine\GAME3015_FINAL_SmithLaurence\DirectX12Engine\DirectX12Engine\TitleState.cpp(20,18): error C3254: 'MenuState': class contains explicit override 'update' but does not derive from an interface that contains the function declaration
C:\School\Semester 9\Game Engine Development 2\Assignments\New Engine\DirectX12Engine\GAME3015_FINAL_SmithLaurence\DirectX12Engine\DirectX12Engine\TitleState.cpp(20,18): error C2838: 'update': illegal qualified name in member declaration
C:\School\Semester 9\Game Engine Development 2\Assignments\New Engine\DirectX12Engine\GAME3015_FINAL_SmithLaurence\DirectX12Engine\DirectX12Engine\TitleState.cpp(20,18): error C2535: 'bool MenuState::update(const GameTimer &)': member function already defined or declared
C:\School\Semester 9\Game Engine Development 2\Assignments\New Engine\DirectX12Engine\GAME3015_FINAL_SmithLaurence\DirectX12Engine\DirectX12Engine\MenuState.hpp(15): message : see declaration of 'MenuState::update'
C:\School\Semester 9\Game Engine Development 2\Assignments\New Engine\DirectX12Engine\GAME3015_FINAL_SmithLaurence\DirectX12Engine\DirectX12Engine\TitleState.cpp(26,18): error C3254: 'MenuState': class contains explicit override 'handleEvent' but does not derive from an interface that contains the function declaration
C:\School\Semester 9\Game Engine Development 2\Assignments\New Engine\DirectX12Engine\GAME3015_FINAL_SmithLaurence\DirectX12Engine\DirectX12Engine\TitleState.cpp(26,18): error C2838: 'handleEvent': illegal qualified name in member declaration
C:\School\Semester 9\Game Engine Development 2\Assignments\New Engine\DirectX12Engine\GAME3015_FINAL_SmithLaurence\DirectX12Engine\DirectX12Engine\TitleState.cpp(26,18): error C2535: 'bool MenuState::handleEvent(WPARAM)': member function already defined or declared
C:\School\Semester 9\Game Engine Development 2\Assignments\New Engine\DirectX12Engine\GAME3015_FINAL_SmithLaurence\DirectX12Engine\DirectX12Engine\MenuState.hpp(16): message : see declaration of 'MenuState::handleEvent'
C:\School\Semester 9\Game Engine Development 2\Assignments\New Engine\DirectX12Engine\GAME3015_FINAL_SmithLaurence\DirectX12Engine\DirectX12Engine\TitleState.cpp(36,19): error C3254: 'MenuState': class contains explicit override 'handleRealTimeInput' but does not derive from an interface that contains the function declaration
C:\School\Semester 9\Game Engine Development 2\Assignments\New Engine\DirectX12Engine\GAME3015_FINAL_SmithLaurence\DirectX12Engine\DirectX12Engine\TitleState.cpp(36,19): error C2838: 'handleRealTimeInput': illegal qualified name in member declaration
C:\School\Semester 9\Game Engine Development 2\Assignments\New Engine\DirectX12Engine\GAME3015_FINAL_SmithLaurence\DirectX12Engine\DirectX12Engine\TitleState.cpp(36,19): error C2535: 'bool MenuState::handleRealTimeInput(void)': member function already defined or declared
C:\School\Semester 9\Game Engine Development 2\Assignments\New Engine\DirectX12Engine\GAME3015_FINAL_SmithLaurence\DirectX12Engine\DirectX12Engine\MenuState.hpp(17): message : see declaration of 'MenuState::handleRealTimeInput'
C:\School\Semester 9\Game Engine Development 2\Assignments\New Engine\DirectX12Engine\GAME3015_FINAL_SmithLaurence\DirectX12Engine\DirectX12Engine\TitleState.cpp(41,18): error C3254: 'MenuState': class contains explicit override 'LoadScene' but does not derive from an interface that contains the function declaration
C:\School\Semester 9\Game Engine Development 2\Assignments\New Engine\DirectX12Engine\GAME3015_FINAL_SmithLaurence\DirectX12Engine\DirectX12Engine\TitleState.cpp(41,18): error C2838: 'LoadScene': illegal qualified name in member declaration
C:\School\Semester 9\Game Engine Development 2\Assignments\New Engine\DirectX12Engine\GAME3015_FINAL_SmithLaurence\DirectX12Engine\DirectX12Engine\TitleState.cpp(41,18): error C2535: 'void MenuState::LoadScene(void)': member function already defined or declared
C:\School\Semester 9\Game Engine Development 2\Assignments\New Engine\DirectX12Engine\GAME3015_FINAL_SmithLaurence\DirectX12Engine\DirectX12Engine\MenuState.hpp(18): message : see declaration of 'MenuState::LoadScene'
C:\School\Semester 9\Game Engine Development 2\Assignments\New Engine\DirectX12Engine\GAME3015_FINAL_SmithLaurence\DirectX12Engine\DirectX12Engine\MenuState.hpp(9): fatal error C1075: '{': no matching token found
  Generating Code...
